[0.007s] Invoking command in '/home/daniel/aipex-quadruped-baselines/build/convex_mpc': CMAKE_PREFIX_PATH=${CMAKE_PREFIX_PATH}:/opt/ros/jazzy CONDA_PROMPT_MODIFIER=(base) DEBUGINFOD_URLS=https://debuginfod.ubuntu.com /usr/bin/cmake --build /home/daniel/aipex-quadruped-baselines/build/convex_mpc -- -j16 -l16
[0.049s] [ 16%] [32mBuilding CXX object CMakeFiles/convex_mpc_controller.dir/src/convex_mpc_publisher.cpp.o[0m
[0.049s] [ 33%] [32mBuilding CXX object CMakeFiles/convex_mpc_controller.dir/src/convex_mpc.cpp.o[0m
[0.051s] [ 50%] [32mBuilding CXX object CMakeFiles/convex_mpc_controller.dir/src/state_space.cpp.o[0m
[0.051s] [ 66%] [32mBuilding CXX object CMakeFiles/convex_mpc_controller.dir/src/simplified_quad_dynamics.cpp.o[0m
[0.057s] [01m[K/home/daniel/aipex-quadruped-baselines/src/convex_mpc/src/state_space.cpp:1:10:[m[K [01;31m[Kfatal error: [m[K/convex_mpc/state_space.hpp: No such file or directory
[0.057s]     1 | #include [01;31m[K"/convex_mpc/state_space.hpp"[m[K
[0.057s]       |          [01;31m[K^~~~~~~~~~~~~~~~~~~~~~~~~~~~~[m[K
[0.057s] compilation terminated.
[0.058s] gmake[2]: *** [CMakeFiles/convex_mpc_controller.dir/build.make:132: CMakeFiles/convex_mpc_controller.dir/src/state_space.cpp.o] Error 1
[0.058s] gmake[2]: *** Waiting for unfinished jobs....
[0.188s] [01m[K/home/daniel/aipex-quadruped-baselines/src/convex_mpc/src/simplified_quad_dynamics.cpp:3:10:[m[K [01;31m[Kfatal error: [m[Ksimplified_quad_dynamics.hpp: No such file or directory
[0.188s]     3 | #include [01;31m[K"simplified_quad_dynamics.hpp"[m[K
[0.188s]       |          [01;31m[K^~~~~~~~~~~~~~~~~~~~~~~~~~~~~~[m[K
[0.188s] compilation terminated.
[0.192s] In file included from [01m[K/home/daniel/aipex-quadruped-baselines/src/convex_mpc/src/convex_mpc.cpp:4[m[K:
[0.193s] [01m[K/home/daniel/aipex-quadruped-baselines/src/convex_mpc/include/convex_mpc/convex_mpc.hpp:8:10:[m[K [01;31m[Kfatal error: [m[Kconvex_mpc/mpc_params.hpp: No such file or directory
[0.193s]     8 | #include [01;31m[K"convex_mpc/mpc_params.hpp"[m[K
[0.193s]       |          [01;31m[K^~~~~~~~~~~~~~~~~~~~~~~~~~~[m[K
[0.193s] compilation terminated.
[0.199s] gmake[2]: *** [CMakeFiles/convex_mpc_controller.dir/build.make:90: CMakeFiles/convex_mpc_controller.dir/src/convex_mpc.cpp.o] Error 1
[0.199s] gmake[2]: *** [CMakeFiles/convex_mpc_controller.dir/build.make:118: CMakeFiles/convex_mpc_controller.dir/src/simplified_quad_dynamics.cpp.o] Error 1
[0.242s] [01m[K/home/daniel/aipex-quadruped-baselines/src/convex_mpc/src/convex_mpc_publisher.cpp:10:10:[m[K [01;31m[Kfatal error: [m[Kunitree_hg/msg/low_cmd.hpp: No such file or directory
[0.242s]    10 | #include [01;31m[K"unitree_hg/msg/low_cmd.hpp"[m[K
[0.242s]       |          [01;31m[K^~~~~~~~~~~~~~~~~~~~~~~~~~~~[m[K
[0.242s] compilation terminated.
[0.245s] gmake[2]: *** [CMakeFiles/convex_mpc_controller.dir/build.make:76: CMakeFiles/convex_mpc_controller.dir/src/convex_mpc_publisher.cpp.o] Error 1
[0.245s] gmake[1]: *** [CMakeFiles/Makefile2:137: CMakeFiles/convex_mpc_controller.dir/all] Error 2
[0.246s] gmake: *** [Makefile:146: all] Error 2
[0.248s] Invoked command in '/home/daniel/aipex-quadruped-baselines/build/convex_mpc' returned '2': CMAKE_PREFIX_PATH=${CMAKE_PREFIX_PATH}:/opt/ros/jazzy CONDA_PROMPT_MODIFIER=(base) DEBUGINFOD_URLS=https://debuginfod.ubuntu.com /usr/bin/cmake --build /home/daniel/aipex-quadruped-baselines/build/convex_mpc -- -j16 -l16
