[0.009s] Invoking command in '/home/daniel/aipex-quadruped-baselines/build/convex_mpc': CMAKE_PREFIX_PATH=${CMAKE_PREFIX_PATH}:/opt/ros/jazzy CONDA_PROMPT_MODIFIER=(base) DEBUGINFOD_URLS=https://debuginfod.ubuntu.com /usr/bin/cmake --build /home/daniel/aipex-quadruped-baselines/build/convex_mpc -- -j16 -l16
[0.031s] -- Found ament_cmake: 2.5.4 (/opt/ros/jazzy/share/ament_cmake/cmake)
[0.159s] -- Override CMake install command with custom implementation using symlinks instead of copying resources
[0.164s] -- Found rclcpp: 28.1.9 (/opt/ros/jazzy/share/rclcpp/cmake)
[0.184s] -- Found rosidl_generator_c: 4.6.5 (/opt/ros/jazzy/share/rosidl_generator_c/cmake)
[0.190s] -- Found rosidl_generator_cpp: 4.6.5 (/opt/ros/jazzy/share/rosidl_generator_cpp/cmake)
[0.198s] -- Using all available rosidl_typesupport_c: rosidl_typesupport_fastrtps_c;rosidl_typesupport_introspection_c
[0.208s] -- Using all available rosidl_typesupport_cpp: rosidl_typesupport_fastrtps_cpp;rosidl_typesupport_introspection_cpp
[0.251s] -- Found rmw_implementation_cmake: 7.3.2 (/opt/ros/jazzy/share/rmw_implementation_cmake/cmake)
[0.252s] -- Found rmw_cyclonedds_cpp: 2.2.3 (/opt/unitree_robotics/unitree_ros2/cyclonedds_ws/install/rmw_cyclonedds_cpp/share/rmw_cyclonedds_cpp/cmake)
[0.266s] -- Using RMW implementation 'rmw_cyclonedds_cpp' as default
[0.308s] -- Found std_msgs: 5.3.6 (/opt/ros/jazzy/share/std_msgs/cmake)
[0.317s] -- Found unitree_go: 0.0.0 (/opt/unitree_robotics/unitree_ros2/cyclonedds_ws/install/unitree_go/share/unitree_go/cmake)
[0.342s] -- Found unitree_api: 0.0.0 (/opt/unitree_robotics/unitree_ros2/cyclonedds_ws/install/unitree_api/share/unitree_api/cmake)
[0.352s] -- Found unitree_hg: 0.0.0 (/opt/unitree_robotics/unitree_ros2/cyclonedds_ws/install/unitree_hg/share/unitree_hg/cmake)
[0.364s] -- GUROBI_INCLUDE_DIRS: /opt/gurobi1202/linux64/include
[0.365s] -- GUROBI_LIBRARY: /opt/gurobi1202/linux64/lib/libgurobi120.so
[0.365s] -- GUROBI_CXX_LIBRARY: /opt/gurobi1202/linux64/lib/libgurobi_c++.a
[0.365s] -- Found ament_lint_auto: 0.17.2 (/opt/ros/jazzy/share/ament_lint_auto/cmake)
[0.427s] -- Added test 'cppcheck' to perform static code analysis on C / C++ code
[0.427s] -- Configured cppcheck include dirs: /home/daniel/aipex-quadruped-baselines/src/convex_mpc/include
[0.427s] -- Configured cppcheck exclude dirs and/or files: 
[0.428s] -- Added test 'lint_cmake' to check CMake code style
[0.429s] -- Added test 'uncrustify' to check C / C++ code style
[0.429s] -- Configured uncrustify additional arguments: 
[0.429s] -- Added test 'xmllint' to check XML markup files
[0.430s] -- Configuring done (0.4s)
[0.440s] -- Generating done (0.0s)
[0.443s] -- Build files have been written to: /home/daniel/aipex-quadruped-baselines/build/convex_mpc
[0.492s] [ 14%] [32mBuilding CXX object CMakeFiles/convex_mpc_controller.dir/src/transforms.cpp.o[0m
[0.632s] [01m[K/home/daniel/aipex-quadruped-baselines/src/convex_mpc/src/transforms.cpp:2:10:[m[K [01;31m[Kfatal error: [m[Ktransforms.hpp: No such file or directory
[0.632s]     2 | #include [01;31m[K"transforms.hpp"[m[K
[0.632s]       |          [01;31m[K^~~~~~~~~~~~~~~~[m[K
[0.632s] compilation terminated.
[0.635s] gmake[2]: *** [CMakeFiles/convex_mpc_controller.dir/build.make:146: CMakeFiles/convex_mpc_controller.dir/src/transforms.cpp.o] Error 1
[0.635s] gmake[1]: *** [CMakeFiles/Makefile2:137: CMakeFiles/convex_mpc_controller.dir/all] Error 2
[0.635s] gmake: *** [Makefile:146: all] Error 2
[0.638s] Invoked command in '/home/daniel/aipex-quadruped-baselines/build/convex_mpc' returned '2': CMAKE_PREFIX_PATH=${CMAKE_PREFIX_PATH}:/opt/ros/jazzy CONDA_PROMPT_MODIFIER=(base) DEBUGINFOD_URLS=https://debuginfod.ubuntu.com /usr/bin/cmake --build /home/daniel/aipex-quadruped-baselines/build/convex_mpc -- -j16 -l16
