[0.007s] Invoking command in '/home/daniel/aipex-quadruped-baselines/build/convex_mpc': CMAKE_PREFIX_PATH=${CMAKE_PREFIX_PATH}:/opt/ros/jazzy CONDA_PROMPT_MODIFIER=(base) DEBUGINFOD_URLS=https://debuginfod.ubuntu.com /usr/bin/cmake --build /home/daniel/aipex-quadruped-baselines/build/convex_mpc -- -j16 -l16
[0.076s] [ 14%] [32mBuilding CXX object CMakeFiles/convex_mpc_controller.dir/src/convex_mpc.cpp.o[0m
[2.023s] [01m[K/home/daniel/aipex-quadruped-baselines/src/convex_mpc/src/convex_mpc.cpp:14:1:[m[K [01;31m[Kerror: [m[Kno declaration matches ‘[01m[KConvexMPC::[01;32m[KConvexMPC[m[K(MPCParams, QuadrupedParams, const rclcpp::Logger&)[m[K’
[2.023s]    14 | [01;31m[KConvexMPC[m[K::ConvexMPC(MPCParams mpc_params, QuadrupedParams quad_params, const rclcpp::Logger& logger)
[2.023s]       | [01;31m[K^~~~~~~~~[m[K
[2.023s] In file included from [01m[K/home/daniel/aipex-quadruped-baselines/src/convex_mpc/src/convex_mpc.cpp:3[m[K:
[2.023s] [01m[K/home/daniel/aipex-quadruped-baselines/src/convex_mpc/include/convex_mpc/convex_mpc.hpp:21:7:[m[K [01;36m[Knote: [m[Kcandidates are: ‘[01m[KConvexMPC::[01;32m[KConvexMPC[m[K(ConvexMPC&&)[m[K’
[2.023s]    21 | class [01;36m[KConvexMPC[m[K
[2.023s]       |       [01;36m[K^~~~~~~~~[m[K
[2.023s] [01m[K/home/daniel/aipex-quadruped-baselines/src/convex_mpc/include/convex_mpc/convex_mpc.hpp:21:7:[m[K [01;36m[Knote: [m[K                ‘[01m[KConvexMPC::[01;32m[KConvexMPC[m[K(const ConvexMPC&)[m[K’
[2.023s] [01m[K/home/daniel/aipex-quadruped-baselines/src/convex_mpc/include/convex_mpc/convex_mpc.hpp:24:9:[m[K [01;36m[Knote: [m[K                ‘[01m[KConvexMPC::[01;32m[KConvexMPC[m[K(MPCParams, QuadrupedParams, rclcpp::Logger)[m[K’
[2.023s]    24 |         [01;36m[KConvexMPC[m[K(MPCParams mpc_params, QuadrupedParams quad_params, rclcpp::Logger logger);
[2.023s]       |         [01;36m[K^~~~~~~~~[m[K
[2.023s] [01m[K/home/daniel/aipex-quadruped-baselines/src/convex_mpc/include/convex_mpc/convex_mpc.hpp:21:7:[m[K [01;36m[Knote: [m[K‘[01m[Kclass ConvexMPC[m[K’ defined here
[2.023s]    21 | class [01;36m[KConvexMPC[m[K
[2.023s]       |       [01;36m[K^~~~~~~~~[m[K
[7.149s] gmake[2]: *** [CMakeFiles/convex_mpc_controller.dir/build.make:90: CMakeFiles/convex_mpc_controller.dir/src/convex_mpc.cpp.o] Error 1
[7.149s] gmake[1]: *** [CMakeFiles/Makefile2:137: CMakeFiles/convex_mpc_controller.dir/all] Error 2
[7.149s] gmake: *** [Makefile:146: all] Error 2
[7.151s] Invoked command in '/home/daniel/aipex-quadruped-baselines/build/convex_mpc' returned '2': CMAKE_PREFIX_PATH=${CMAKE_PREFIX_PATH}:/opt/ros/jazzy CONDA_PROMPT_MODIFIER=(base) DEBUGINFOD_URLS=https://debuginfod.ubuntu.com /usr/bin/cmake --build /home/daniel/aipex-quadruped-baselines/build/convex_mpc -- -j16 -l16
