In file included from [01m[K/home/daniel/aipex-quadruped-baselines/src/convex_mpc/src/convex_mpc.cpp:3[m[K:
[01m[K/home/daniel/aipex-quadruped-baselines/src/convex_mpc/include/convex_mpc/convex_mpc.hpp:35:9:[m[K [01;31m[Kerror: [m[K‘[01m[Kunique_ptr[m[K’ does not name a type
   35 |         [01;31m[Kunique_ptr[m[K<GRBEnv> env; //Using a unique pointer to delay model initialization until env is properly set, while keeping model a member variable
      |         [01;31m[K^~~~~~~~~~[m[K
[01m[K/home/daniel/aipex-quadruped-baselines/src/convex_mpc/include/convex_mpc/convex_mpc.hpp:36:9:[m[K [01;31m[Kerror: [m[K‘[01m[Kunique_ptr[m[K’ does not name a type
   36 |         [01;31m[Kunique_ptr[m[K<GRBModel> model;
      |         [01;31m[K^~~~~~~~~~[m[K
[01m[K/home/daniel/aipex-quadruped-baselines/src/convex_mpc/src/convex_mpc.cpp:[m[K In constructor ‘[01m[KConvexMPC::[01;32m[KConvexMPC[m[K(MPCParams, QuadrupedParams)[m[K’:
[01m[K/home/daniel/aipex-quadruped-baselines/src/convex_mpc/src/convex_mpc.cpp:23:9:[m[K [01;31m[Kerror: [m[K‘[01m[Kenv[m[K’ was not declared in this scope
   23 |         [01;31m[Kenv[m[K = GRBEnv(true);
      |         [01;31m[K^~~[m[K
[01m[K/home/daniel/aipex-quadruped-baselines/src/convex_mpc/src/convex_mpc.cpp:29:9:[m[K [01;31m[Kerror: [m[K‘[01m[Kmodel[m[K’ was not declared in this scope; did you mean ‘[01m[Kmodfl[m[K’?
   29 |         [01;31m[Kmodel[m[K = GRBModel(env);
      |         [01;31m[K^~~~~[m[K
      |         [32m[Kmodfl[m[K
[01m[K/home/daniel/aipex-quadruped-baselines/src/convex_mpc/src/convex_mpc.cpp:[m[K In member function ‘[01m[Kvoid ConvexMPC::[01;32m[Kupdate_x0[m[K(Eigen::Vector<double, 13>)[m[K’:
[01m[K/home/daniel/aipex-quadruped-baselines/src/convex_mpc/src/convex_mpc.cpp:242:11:[m[K [01;31m[Kerror: [m[K‘[01m[Kclass ConvexMPC[m[K’ has no member named ‘[01m[Kmodel[m[K’
  242 |     this->[01;31m[Kmodel[m[K.setObjective(quad_expr + lin_expr, GRB_MINIMIZE);
      |           [01;31m[K^~~~~[m[K
gmake[2]: *** [CMakeFiles/convex_mpc_controller.dir/build.make:90: CMakeFiles/convex_mpc_controller.dir/src/convex_mpc.cpp.o] Error 1
gmake[2]: *** Waiting for unfinished jobs....
gmake[1]: *** [CMakeFiles/Makefile2:137: CMakeFiles/convex_mpc_controller.dir/all] Error 2
gmake: *** [Makefile:146: all] Error 2
