[0.008s] Invoking command in '/home/daniel/aipex-quadruped-baselines/build/convex_mpc': CMAKE_PREFIX_PATH=${CMAKE_PREFIX_PATH}:/opt/ros/jazzy CONDA_PROMPT_MODIFIER=(base) DEBUGINFOD_URLS=https://debuginfod.ubuntu.com /usr/bin/cmake --build /home/daniel/aipex-quadruped-baselines/build/convex_mpc -- -j16 -l16
[0.074s] [ 14%] [32mBuilding CXX object CMakeFiles/convex_mpc_controller.dir/src/convex_mpc_publisher.cpp.o[0m
[0.075s] [ 28%] [32mBuilding CXX object CMakeFiles/convex_mpc_controller.dir/src/convex_mpc.cpp.o[0m
[0.767s] In file included from [01m[K/home/daniel/aipex-quadruped-baselines/src/convex_mpc/src/convex_mpc.cpp:3[m[K:
[0.767s] [01m[K/home/daniel/aipex-quadruped-baselines/src/convex_mpc/include/convex_mpc/convex_mpc.hpp:35:9:[m[K [01;31m[Kerror: [m[K‘[01m[Kunique_ptr[m[K’ does not name a type
[0.767s]    35 |         [01;31m[Kunique_ptr[m[K<GRBEnv> env; //Using a unique pointer to delay model initialization until env is properly set, while keeping model a member variable
[0.767s]       |         [01;31m[K^~~~~~~~~~[m[K
[0.767s] [01m[K/home/daniel/aipex-quadruped-baselines/src/convex_mpc/include/convex_mpc/convex_mpc.hpp:36:9:[m[K [01;31m[Kerror: [m[K‘[01m[Kunique_ptr[m[K’ does not name a type
[0.767s]    36 |         [01;31m[Kunique_ptr[m[K<GRBModel> model;
[0.767s]       |         [01;31m[K^~~~~~~~~~[m[K
[0.788s] [01m[K/home/daniel/aipex-quadruped-baselines/src/convex_mpc/src/convex_mpc.cpp:[m[K In constructor ‘[01m[KConvexMPC::[01;32m[KConvexMPC[m[K(MPCParams, QuadrupedParams)[m[K’:
[0.788s] [01m[K/home/daniel/aipex-quadruped-baselines/src/convex_mpc/src/convex_mpc.cpp:23:9:[m[K [01;31m[Kerror: [m[K‘[01m[Kenv[m[K’ was not declared in this scope
[0.788s]    23 |         [01;31m[Kenv[m[K = GRBEnv(true);
[0.788s]       |         [01;31m[K^~~[m[K
[0.790s] [01m[K/home/daniel/aipex-quadruped-baselines/src/convex_mpc/src/convex_mpc.cpp:29:9:[m[K [01;31m[Kerror: [m[K‘[01m[Kmodel[m[K’ was not declared in this scope; did you mean ‘[01m[Kmodfl[m[K’?
[0.790s]    29 |         [01;31m[Kmodel[m[K = GRBModel(env);
[0.790s]       |         [01;31m[K^~~~~[m[K
[0.790s]       |         [32m[Kmodfl[m[K
[0.939s] [01m[K/home/daniel/aipex-quadruped-baselines/src/convex_mpc/src/convex_mpc.cpp:[m[K In member function ‘[01m[Kvoid ConvexMPC::[01;32m[Kupdate_x0[m[K(Eigen::Vector<double, 13>)[m[K’:
[0.939s] [01m[K/home/daniel/aipex-quadruped-baselines/src/convex_mpc/src/convex_mpc.cpp:242:11:[m[K [01;31m[Kerror: [m[K‘[01m[Kclass ConvexMPC[m[K’ has no member named ‘[01m[Kmodel[m[K’
[0.939s]   242 |     this->[01;31m[Kmodel[m[K.setObjective(quad_expr + lin_expr, GRB_MINIMIZE);
[0.939s]       |           [01;31m[K^~~~~[m[K
[4.985s] gmake[2]: *** [CMakeFiles/convex_mpc_controller.dir/build.make:90: CMakeFiles/convex_mpc_controller.dir/src/convex_mpc.cpp.o] Error 1
[4.985s] gmake[2]: *** Waiting for unfinished jobs....
[6.265s] gmake[1]: *** [CMakeFiles/Makefile2:137: CMakeFiles/convex_mpc_controller.dir/all] Error 2
[6.265s] gmake: *** [Makefile:146: all] Error 2
[6.268s] Invoked command in '/home/daniel/aipex-quadruped-baselines/build/convex_mpc' returned '2': CMAKE_PREFIX_PATH=${CMAKE_PREFIX_PATH}:/opt/ros/jazzy CONDA_PROMPT_MODIFIER=(base) DEBUGINFOD_URLS=https://debuginfod.ubuntu.com /usr/bin/cmake --build /home/daniel/aipex-quadruped-baselines/build/convex_mpc -- -j16 -l16
