[01m[K/home/daniel/aipex-quadruped-baselines/src/convex_mpc/src/convex_mpc.cpp:[m[K In constructor ‘[01m[KConvexMPC::[01;32m[KConvexMPC[m[K(MPCParams, QuadrupedParams)[m[K’:
[01m[K/home/daniel/aipex-quadruped-baselines/src/convex_mpc/src/convex_mpc.cpp:16:28:[m[K [01;31m[Kerror: [m[Kno matching function for call to ‘[01m[KGRBModel::GRBModel()[m[K’
   16 |     quad_params(quad_params[01;31m[K)[m[K
      |                            [01;31m[K^[m[K
In file included from [01m[K/home/daniel/aipex-quadruped-baselines/src/convex_mpc/include/convex_mpc/convex_mpc.hpp:5[m[K,
                 from [01m[K/home/daniel/aipex-quadruped-baselines/src/convex_mpc/src/convex_mpc.cpp:3[m[K:
[01m[K/opt/gurobi1202/linux64/include/gurobi_c++.h:544:5:[m[K [01;36m[Knote: [m[Kcandidate: ‘[01m[KGRBModel::[01;32m[KGRBModel[m[K(const GRBModel&, const GRBEnv&)[m[K’
  544 |     [01;36m[KGRBModel[m[K(const GRBModel& xmodel, const GRBEnv& targetenv);
      |     [01;36m[K^~~~~~~~[m[K
[01m[K/opt/gurobi1202/linux64/include/gurobi_c++.h:544:5:[m[K [01;36m[Knote: [m[K  candidate expects 2 arguments, 0 provided
[01m[K/opt/gurobi1202/linux64/include/gurobi_c++.h:543:5:[m[K [01;36m[Knote: [m[Kcandidate: ‘[01m[KGRBModel::[01;32m[KGRBModel[m[K(const GRBModel&)[m[K’
  543 |     [01;36m[KGRBModel[m[K(const GRBModel& xmodel);
      |     [01;36m[K^~~~~~~~[m[K
[01m[K/opt/gurobi1202/linux64/include/gurobi_c++.h:543:5:[m[K [01;36m[Knote: [m[K  candidate expects 1 argument, 0 provided
[01m[K/opt/gurobi1202/linux64/include/gurobi_c++.h:542:5:[m[K [01;36m[Knote: [m[Kcandidate: ‘[01m[KGRBModel::[01;32m[KGRBModel[m[K(const GRBEnv&, const std::string&)[m[K’
  542 |     [01;36m[KGRBModel[m[K(const GRBEnv& env, const std::string& filename);
      |     [01;36m[K^~~~~~~~[m[K
[01m[K/opt/gurobi1202/linux64/include/gurobi_c++.h:542:5:[m[K [01;36m[Knote: [m[K  candidate expects 2 arguments, 0 provided
[01m[K/opt/gurobi1202/linux64/include/gurobi_c++.h:541:5:[m[K [01;36m[Knote: [m[Kcandidate: ‘[01m[KGRBModel::[01;32m[KGRBModel[m[K(const GRBEnv*, const std::string&)[m[K’
  541 |     [01;36m[KGRBModel[m[K(const GRBEnv* env, const std::string& filename);
      |     [01;36m[K^~~~~~~~[m[K
[01m[K/opt/gurobi1202/linux64/include/gurobi_c++.h:541:5:[m[K [01;36m[Knote: [m[K  candidate expects 2 arguments, 0 provided
[01m[K/opt/gurobi1202/linux64/include/gurobi_c++.h:540:5:[m[K [01;36m[Knote: [m[Kcandidate: ‘[01m[KGRBModel::[01;32m[KGRBModel[m[K(const GRBEnv&)[m[K’
  540 |     [01;36m[KGRBModel[m[K(const GRBEnv& env);
      |     [01;36m[K^~~~~~~~[m[K
[01m[K/opt/gurobi1202/linux64/include/gurobi_c++.h:540:5:[m[K [01;36m[Knote: [m[K  candidate expects 1 argument, 0 provided
[01m[K/opt/gurobi1202/linux64/include/gurobi_c++.h:539:5:[m[K [01;36m[Knote: [m[Kcandidate: ‘[01m[KGRBModel::[01;32m[KGRBModel[m[K(const GRBEnv*)[m[K’
  539 |     [01;36m[KGRBModel[m[K(const GRBEnv* env);
      |     [01;36m[K^~~~~~~~[m[K
[01m[K/opt/gurobi1202/linux64/include/gurobi_c++.h:539:5:[m[K [01;36m[Knote: [m[K  candidate expects 1 argument, 0 provided
[01m[K/home/daniel/aipex-quadruped-baselines/src/convex_mpc/src/convex_mpc.cpp:23:26:[m[K [01;31m[Kerror: [m[K‘[01m[Kconst GRBEnv& GRBEnv::[01;32m[Koperator=[m[K(const GRBEnv&)[m[K’ is private within this context
   23 |         env = GRBEnv(true[01;31m[K)[m[K;
      |                          [01;31m[K^[m[K
[01m[K/opt/gurobi1202/linux64/include/gurobi_c++.h:473:19:[m[K [01;36m[Knote: [m[Kdeclared private here
  473 |     const GRBEnv& [01;36m[Koperator[m[K=(const GRBEnv &xenv);
      |                   [01;36m[K^~~~~~~~[m[K
[01m[K/home/daniel/aipex-quadruped-baselines/src/convex_mpc/src/convex_mpc.cpp:29:29:[m[K [01;31m[Kerror: [m[K‘[01m[Kconst GRBModel& GRBModel::[01;32m[Koperator=[m[K(const GRBModel&)[m[K’ is private within this context
   29 |         model = GRBModel(env[01;31m[K)[m[K;
      |                             [01;31m[K^[m[K
[01m[K/opt/gurobi1202/linux64/include/gurobi_c++.h:534:21:[m[K [01;36m[Knote: [m[Kdeclared private here
  534 |     const GRBModel& [01;36m[Koperator[m[K=(const GRBModel &xmodel);
      |                     [01;36m[K^~~~~~~~[m[K
gmake[2]: *** [CMakeFiles/convex_mpc_controller.dir/build.make:90: CMakeFiles/convex_mpc_controller.dir/src/convex_mpc.cpp.o] Error 1
gmake[1]: *** [CMakeFiles/Makefile2:137: CMakeFiles/convex_mpc_controller.dir/all] Error 2
gmake: *** [Makefile:146: all] Error 2
