[0.007s] Invoking command in '/home/daniel/aipex-quadruped-baselines/build/convex_mpc': CMAKE_PREFIX_PATH=${CMAKE_PREFIX_PATH}:/opt/ros/jazzy CONDA_PROMPT_MODIFIER=(base) DEBUGINFOD_URLS=https://debuginfod.ubuntu.com /usr/bin/cmake --build /home/daniel/aipex-quadruped-baselines/build/convex_mpc -- -j16 -l16
[0.031s] -- Found ament_cmake: 2.5.4 (/opt/ros/jazzy/share/ament_cmake/cmake)
[0.158s] -- Override CMake install command with custom implementation using symlinks instead of copying resources
[0.164s] -- Found rclcpp: 28.1.9 (/opt/ros/jazzy/share/rclcpp/cmake)
[0.185s] -- Found rosidl_generator_c: 4.6.5 (/opt/ros/jazzy/share/rosidl_generator_c/cmake)
[0.192s] -- Found rosidl_generator_cpp: 4.6.5 (/opt/ros/jazzy/share/rosidl_generator_cpp/cmake)
[0.201s] -- Using all available rosidl_typesupport_c: rosidl_typesupport_fastrtps_c;rosidl_typesupport_introspection_c
[0.211s] -- Using all available rosidl_typesupport_cpp: rosidl_typesupport_fastrtps_cpp;rosidl_typesupport_introspection_cpp
[0.256s] -- Found rmw_implementation_cmake: 7.3.2 (/opt/ros/jazzy/share/rmw_implementation_cmake/cmake)
[0.257s] -- Found rmw_cyclonedds_cpp: 2.2.3 (/opt/unitree_robotics/unitree_ros2/cyclonedds_ws/install/rmw_cyclonedds_cpp/share/rmw_cyclonedds_cpp/cmake)
[0.272s] -- Using RMW implementation 'rmw_cyclonedds_cpp' as default
[0.315s] -- Found std_msgs: 5.3.6 (/opt/ros/jazzy/share/std_msgs/cmake)
[0.324s] -- Found unitree_go: 0.0.0 (/opt/unitree_robotics/unitree_ros2/cyclonedds_ws/install/unitree_go/share/unitree_go/cmake)
[0.348s] -- Found unitree_api: 0.0.0 (/opt/unitree_robotics/unitree_ros2/cyclonedds_ws/install/unitree_api/share/unitree_api/cmake)
[0.359s] -- Found unitree_hg: 0.0.0 (/opt/unitree_robotics/unitree_ros2/cyclonedds_ws/install/unitree_hg/share/unitree_hg/cmake)
[0.371s] -- Found ament_lint_auto: 0.17.2 (/opt/ros/jazzy/share/ament_lint_auto/cmake)
[0.439s] -- Added test 'cppcheck' to perform static code analysis on C / C++ code
[0.439s] -- Configured cppcheck include dirs: /home/daniel/aipex-quadruped-baselines/src/convex_mpc/include
[0.439s] -- Configured cppcheck exclude dirs and/or files: 
[0.440s] -- Added test 'lint_cmake' to check CMake code style
[0.441s] -- Added test 'uncrustify' to check C / C++ code style
[0.441s] -- Configured uncrustify additional arguments: 
[0.441s] -- Added test 'xmllint' to check XML markup files
[0.442s] -- Configuring done (0.4s)
[0.452s] -- Generating done (0.0s)
[0.455s] -- Build files have been written to: /home/daniel/aipex-quadruped-baselines/build/convex_mpc
[0.504s] [ 66%] [32mBuilding CXX object CMakeFiles/convex_mpc_controller.dir/src/convex_mpc_publisher.cpp.o[0m
[0.504s] [ 66%] [32mBuilding CXX object CMakeFiles/convex_mpc_controller.dir/src/gurobi_utils.cpp.o[0m
[0.505s] [ 66%] [32mBuilding CXX object CMakeFiles/convex_mpc_controller.dir/src/state_space.cpp.o[0m
[0.505s] [ 66%] [32mBuilding CXX object CMakeFiles/convex_mpc_controller.dir/src/convex_mpc.cpp.o[0m
[0.505s] [ 83%] [32mBuilding CXX object CMakeFiles/convex_mpc_controller.dir/src/simplified_quad_dynamics.cpp.o[0m
[1.294s] [01m[K/home/daniel/aipex-quadruped-baselines/src/convex_mpc/src/simplified_quad_dynamics.cpp:[m[K In function ‘[01m[KStateSpace[01;32m[K quadruped_state_space_continuous[m[K(const double&, Eigen::Matrix<double, 4, 3>&)[m[K’:
[1.294s] [01m[K/home/daniel/aipex-quadruped-baselines/src/convex_mpc/src/simplified_quad_dynamics.cpp:23:12:[m[K [01;35m[Kwarning: [m[Kvariable ‘[01m[Kg[m[K’ set but not used [[01;35m[K]8;;https://gcc.gnu.org/onlinedocs/gcc/Warning-Options.html#index-Wunused-but-set-variable-Wunused-but-set-variable]8;;[m[K]
[1.295s]    23 |     double [01;35m[Kg[m[K;
[1.295s]       |            [01;35m[K^[m[K
[9.733s] [100%] [32m[1mLinking CXX executable convex_mpc_controller[0m
[10.056s] /usr/bin/ld: CMakeFiles/convex_mpc_controller.dir/src/convex_mpc_publisher.cpp.o: in function `ConvexMPC::~ConvexMPC()':
[10.056s] convex_mpc_publisher.cpp:(.text._ZN9ConvexMPCD2Ev[_ZN9ConvexMPCD5Ev]+0xc0): undefined reference to `GRBModel::~GRBModel()'
[10.056s] /usr/bin/ld: convex_mpc_publisher.cpp:(.text._ZN9ConvexMPCD2Ev[_ZN9ConvexMPCD5Ev]+0xd2): undefined reference to `GRBEnv::~GRBEnv()'
[10.074s] /usr/bin/ld: CMakeFiles/convex_mpc_controller.dir/src/convex_mpc.cpp.o: in function `ConvexMPC::ConvexMPC(MPCParams, QuadrupedParams)':
[10.074s] convex_mpc.cpp:(.text+0x82): undefined reference to `GRBEnv::GRBEnv(bool)'
[10.074s] /usr/bin/ld: convex_mpc.cpp:(.text+0xa8): undefined reference to `GRBModel::GRBModel(GRBEnv const&)'
[10.074s] /usr/bin/ld: convex_mpc.cpp:(.text+0xca): undefined reference to `GRBQuadExpr::GRBQuadExpr(double)'
[10.074s] /usr/bin/ld: convex_mpc.cpp:(.text+0xec): undefined reference to `GRBLinExpr::GRBLinExpr(double)'
[10.074s] /usr/bin/ld: convex_mpc.cpp:(.text+0x226): undefined reference to `GRBEnv::set(std::__cxx11::basic_string<char, std::char_traits<char>, std::allocator<char> > const&, char const*)'
[10.074s] /usr/bin/ld: convex_mpc.cpp:(.text+0x257): undefined reference to `GRBEnv::start()'
[10.074s] /usr/bin/ld: convex_mpc.cpp:(.text+0x3c5): undefined reference to `GRBModel::addVars(int, char)'
[10.074s] /usr/bin/ld: convex_mpc.cpp:(.text+0x76a): undefined reference to `GRBQuadExpr::operator=(GRBQuadExpr const&)'
[10.074s] /usr/bin/ld: convex_mpc.cpp:(.text+0x7f8): undefined reference to `GRBLinExpr::operator=(GRBLinExpr const&)'
[10.075s] /usr/bin/ld: convex_mpc.cpp:(.text+0x844): undefined reference to `GRBLinExpr::GRBLinExpr(GRBLinExpr const&)'
[10.075s] /usr/bin/ld: convex_mpc.cpp:(.text+0x85d): undefined reference to `GRBQuadExpr::GRBQuadExpr(GRBLinExpr)'
[10.075s] /usr/bin/ld: convex_mpc.cpp:(.text+0x884): undefined reference to `GRBQuadExpr::operator+(GRBQuadExpr const&)'
[10.075s] /usr/bin/ld: convex_mpc.cpp:(.text+0x89b): undefined reference to `GRBModel::setObjective(GRBQuadExpr, int)'
[10.075s] /usr/bin/ld: convex_mpc.cpp:(.text+0x8dd): undefined reference to `GRBModel::optimize()'
[10.075s] /usr/bin/ld: convex_mpc.cpp:(.text+0x942): undefined reference to `GRBVar::get(GRB_DoubleAttr) const'
[10.075s] /usr/bin/ld: convex_mpc.cpp:(.text+0xc53): undefined reference to `GRBException::getErrorCode() const'
[10.075s] /usr/bin/ld: convex_mpc.cpp:(.text+0xc82): undefined reference to `GRBException::getMessage[abi:cxx11]() const'
[10.075s] /usr/bin/ld: convex_mpc.cpp:(.text+0xe25): undefined reference to `GRBModel::~GRBModel()'
[10.076s] /usr/bin/ld: convex_mpc.cpp:(.text+0xe43): undefined reference to `GRBEnv::~GRBEnv()'
[10.076s] /usr/bin/ld: CMakeFiles/convex_mpc_controller.dir/src/convex_mpc.cpp.o: in function `ConvexMPC::update_x0(Eigen::Matrix<double, 13, 1, 0, 13, 1>)':
[10.076s] convex_mpc.cpp:(.text+0x23a2): undefined reference to `GRBLinExpr::operator=(GRBLinExpr const&)'
[10.076s] /usr/bin/ld: convex_mpc.cpp:(.text+0x23ee): undefined reference to `GRBLinExpr::GRBLinExpr(GRBLinExpr const&)'
[10.076s] /usr/bin/ld: convex_mpc.cpp:(.text+0x2407): undefined reference to `GRBQuadExpr::GRBQuadExpr(GRBLinExpr)'
[10.076s] /usr/bin/ld: convex_mpc.cpp:(.text+0x242e): undefined reference to `GRBQuadExpr::operator+(GRBQuadExpr const&)'
[10.076s] /usr/bin/ld: convex_mpc.cpp:(.text+0x2445): undefined reference to `GRBModel::setObjective(GRBQuadExpr, int)'
[10.101s] /usr/bin/ld: CMakeFiles/convex_mpc_controller.dir/src/gurobi_utils.cpp.o: in function `create_quad_obj(GRBVar const*, Eigen::Matrix<double, -1, -1, 0, -1, -1> const&, int)':
[10.101s] gurobi_utils.cpp:(.text+0x53): undefined reference to `GRBQuadExpr::GRBQuadExpr(double)'
[10.101s] /usr/bin/ld: gurobi_utils.cpp:(.text+0x2b7): undefined reference to `operator*(double, GRBVar)'
[10.102s] /usr/bin/ld: gurobi_utils.cpp:(.text+0x2d7): undefined reference to `operator*(GRBLinExpr const&, GRBVar)'
[10.102s] /usr/bin/ld: gurobi_utils.cpp:(.text+0x2f0): undefined reference to `GRBQuadExpr::operator+=(GRBQuadExpr const&)'
[10.102s] /usr/bin/ld: CMakeFiles/convex_mpc_controller.dir/src/gurobi_utils.cpp.o: in function `create_lin_obj(GRBVar const*, Eigen::Matrix<double, -1, 1, 0, -1, 1> const&, int)':
[10.102s] gurobi_utils.cpp:(.text+0x43c): undefined reference to `GRBLinExpr::GRBLinExpr(double)'
[10.102s] /usr/bin/ld: gurobi_utils.cpp:(.text+0x498): undefined reference to `operator*(double, GRBVar)'
[10.102s] /usr/bin/ld: gurobi_utils.cpp:(.text+0x4ab): undefined reference to `GRBLinExpr::operator+=(GRBLinExpr const&)'
[10.102s] /usr/bin/ld: CMakeFiles/convex_mpc_controller.dir/src/gurobi_utils.cpp.o: in function `add_lin_eq_constr(GRBModel, GRBVar const*, Eigen::Matrix<double, -1, -1, 0, -1, -1> const&, Eigen::Matrix<double, -1, 1, 0, -1, 1>)':
[10.102s] gurobi_utils.cpp:(.text+0x580): undefined reference to `GRBLinExpr::GRBLinExpr(double)'
[10.102s] /usr/bin/ld: gurobi_utils.cpp:(.text+0x5aa): undefined reference to `GRBLinExpr::GRBLinExpr(double)'
[10.102s] /usr/bin/ld: gurobi_utils.cpp:(.text+0x5c3): undefined reference to `GRBLinExpr::operator=(GRBLinExpr const&)'
[10.102s] /usr/bin/ld: gurobi_utils.cpp:(.text+0x652): undefined reference to `operator*(double, GRBVar)'
[10.102s] /usr/bin/ld: gurobi_utils.cpp:(.text+0x66b): undefined reference to `GRBLinExpr::operator+=(GRBLinExpr const&)'
[10.102s] /usr/bin/ld: gurobi_utils.cpp:(.text+0x6d9): undefined reference to `GRBQuadExpr::GRBQuadExpr(double)'
[10.102s] /usr/bin/ld: gurobi_utils.cpp:(.text+0x6f2): undefined reference to `GRBLinExpr::GRBLinExpr(GRBLinExpr const&)'
[10.102s] /usr/bin/ld: gurobi_utils.cpp:(.text+0x70b): undefined reference to `GRBQuadExpr::GRBQuadExpr(GRBLinExpr)'
[10.102s] /usr/bin/ld: gurobi_utils.cpp:(.text+0x72b): undefined reference to `operator==(GRBQuadExpr, GRBQuadExpr)'
[10.102s] /usr/bin/ld: gurobi_utils.cpp:(.text+0x74d): undefined reference to `GRBModel::addConstr(GRBTempConstr const&, char const*)'
[10.102s] /usr/bin/ld: CMakeFiles/convex_mpc_controller.dir/src/simplified_quad_dynamics.cpp.o: in function `quadruped_state_space_continuous(double const&, Eigen::Matrix<double, 4, 3, 0, 4, 3>&)':
[10.103s] simplified_quad_dynamics.cpp:(.text+0x5e): undefined reference to `eul2rotm(double, double, double)'
[10.103s] /usr/bin/ld: simplified_quad_dynamics.cpp:(.text+0x318): undefined reference to `hatMap(Eigen::Matrix<double, 3, 1, 0, 3, 1> const&)'
[10.152s] collect2: error: ld returned 1 exit status
[10.154s] gmake[2]: *** [CMakeFiles/convex_mpc_controller.dir/build.make:267: convex_mpc_controller] Error 1
[10.154s] gmake[1]: *** [CMakeFiles/Makefile2:137: CMakeFiles/convex_mpc_controller.dir/all] Error 2
[10.154s] gmake: *** [Makefile:146: all] Error 2
[10.157s] Invoked command in '/home/daniel/aipex-quadruped-baselines/build/convex_mpc' returned '2': CMAKE_PREFIX_PATH=${CMAKE_PREFIX_PATH}:/opt/ros/jazzy CONDA_PROMPT_MODIFIER=(base) DEBUGINFOD_URLS=https://debuginfod.ubuntu.com /usr/bin/cmake --build /home/daniel/aipex-quadruped-baselines/build/convex_mpc -- -j16 -l16
