-- Found ament_cmake: 2.5.4 (/opt/ros/jazzy/share/ament_cmake/cmake)
-- Override CMake install command with custom implementation using symlinks instead of copying resources
-- Found rclcpp: 28.1.9 (/opt/ros/jazzy/share/rclcpp/cmake)
-- Found rosidl_generator_c: 4.6.5 (/opt/ros/jazzy/share/rosidl_generator_c/cmake)
-- Found rosidl_generator_cpp: 4.6.5 (/opt/ros/jazzy/share/rosidl_generator_cpp/cmake)
-- Using all available rosidl_typesupport_c: rosidl_typesupport_fastrtps_c;rosidl_typesupport_introspection_c
-- Using all available rosidl_typesupport_cpp: rosidl_typesupport_fastrtps_cpp;rosidl_typesupport_introspection_cpp
-- Found rmw_implementation_cmake: 7.3.2 (/opt/ros/jazzy/share/rmw_implementation_cmake/cmake)
-- Found rmw_cyclonedds_cpp: 2.2.3 (/opt/unitree_robotics/unitree_ros2/cyclonedds_ws/install/rmw_cyclonedds_cpp/share/rmw_cyclonedds_cpp/cmake)
-- Using RMW implementation 'rmw_cyclonedds_cpp' as default
-- Found std_msgs: 5.3.6 (/opt/ros/jazzy/share/std_msgs/cmake)
-- Found unitree_go: 0.0.0 (/opt/unitree_robotics/unitree_ros2/cyclonedds_ws/install/unitree_go/share/unitree_go/cmake)
-- Found unitree_api: 0.0.0 (/opt/unitree_robotics/unitree_ros2/cyclonedds_ws/install/unitree_api/share/unitree_api/cmake)
-- Found unitree_hg: 0.0.0 (/opt/unitree_robotics/unitree_ros2/cyclonedds_ws/install/unitree_hg/share/unitree_hg/cmake)
-- GUROBI_INCLUDE_DIRS: /opt/gurobi1202/linux64/include
-- GUROBI_LIBRARY: /opt/gurobi1202/linux64/lib/libgurobi120.so
-- GUROBI_CXX_LIBRARY: /opt/gurobi1202/linux64/lib/libgurobi_c++.a
-- Found ament_lint_auto: 0.17.2 (/opt/ros/jazzy/share/ament_lint_auto/cmake)
-- Added test 'cppcheck' to perform static code analysis on C / C++ code
-- Configured cppcheck include dirs: /home/daniel/aipex-quadruped-baselines/src/convex_mpc/include
-- Configured cppcheck exclude dirs and/or files: 
-- Added test 'lint_cmake' to check CMake code style
-- Added test 'uncrustify' to check C / C++ code style
-- Configured uncrustify additional arguments: 
-- Added test 'xmllint' to check XML markup files
-- Configuring done (0.4s)
-- Generating done (0.0s)
-- Build files have been written to: /home/daniel/aipex-quadruped-baselines/build/convex_mpc
[ 14%] [32mBuilding CXX object CMakeFiles/convex_mpc_controller.dir/src/simplified_quad_dynamics.cpp.o[0m
[01m[K/home/daniel/aipex-quadruped-baselines/src/convex_mpc/src/simplified_quad_dynamics.cpp:[m[K In function ‘[01m[KStateSpace[01;32m[K quadruped_state_space_continuous[m[K(const double&, Eigen::Matrix<double, 4, 3>&)[m[K’:
[01m[K/home/daniel/aipex-quadruped-baselines/src/convex_mpc/src/simplified_quad_dynamics.cpp:23:12:[m[K [01;35m[Kwarning: [m[Kvariable ‘[01m[Kg[m[K’ set but not used [[01;35m[K]8;;https://gcc.gnu.org/onlinedocs/gcc/Warning-Options.html#index-Wunused-but-set-variable-Wunused-but-set-variable]8;;[m[K]
   23 |     double [01;35m[Kg[m[K;
      |            [01;35m[K^[m[K
[ 28%] [32m[1mLinking CXX executable convex_mpc_controller[0m
[100%] Built target convex_mpc_controller
-- Install configuration: ""
-- Execute custom install script
-- Up-to-date symlink: /home/daniel/aipex-quadruped-baselines/install/convex_mpc/share/ament_index/resource_index/package_run_dependencies/convex_mpc
-- Up-to-date symlink: /home/daniel/aipex-quadruped-baselines/install/convex_mpc/share/ament_index/resource_index/parent_prefix_path/convex_mpc
-- Up-to-date symlink: /home/daniel/aipex-quadruped-baselines/install/convex_mpc/share/convex_mpc/environment/ament_prefix_path.sh
-- Up-to-date symlink: /home/daniel/aipex-quadruped-baselines/install/convex_mpc/share/convex_mpc/environment/ament_prefix_path.dsv
-- Up-to-date symlink: /home/daniel/aipex-quadruped-baselines/install/convex_mpc/share/convex_mpc/environment/path.sh
-- Up-to-date symlink: /home/daniel/aipex-quadruped-baselines/install/convex_mpc/share/convex_mpc/environment/path.dsv
-- Up-to-date symlink: /home/daniel/aipex-quadruped-baselines/install/convex_mpc/share/convex_mpc/local_setup.bash
-- Up-to-date symlink: /home/daniel/aipex-quadruped-baselines/install/convex_mpc/share/convex_mpc/local_setup.sh
-- Up-to-date symlink: /home/daniel/aipex-quadruped-baselines/install/convex_mpc/share/convex_mpc/local_setup.zsh
-- Up-to-date symlink: /home/daniel/aipex-quadruped-baselines/install/convex_mpc/share/convex_mpc/local_setup.dsv
-- Symlinking: /home/daniel/aipex-quadruped-baselines/install/convex_mpc/share/convex_mpc/package.dsv
-- Up-to-date symlink: /home/daniel/aipex-quadruped-baselines/install/convex_mpc/share/ament_index/resource_index/packages/convex_mpc
-- Up-to-date symlink: /home/daniel/aipex-quadruped-baselines/install/convex_mpc/share/convex_mpc/cmake/convex_mpcConfig.cmake
-- Up-to-date symlink: /home/daniel/aipex-quadruped-baselines/install/convex_mpc/share/convex_mpc/cmake/convex_mpcConfig-version.cmake
-- Up-to-date symlink: /home/daniel/aipex-quadruped-baselines/install/convex_mpc/share/convex_mpc/package.xml
