[0.007s] Invoking command in '/home/daniel/aipex-quadruped-baselines/build/convex_mpc': CMAKE_PREFIX_PATH=${CMAKE_PREFIX_PATH}:/opt/ros/jazzy CONDA_PROMPT_MODIFIER=(base) DEBUGINFOD_URLS=https://debuginfod.ubuntu.com /usr/bin/cmake --build /home/daniel/aipex-quadruped-baselines/build/convex_mpc -- -j16 -l16
[0.029s] -- Found ament_cmake: 2.5.4 (/opt/ros/jazzy/share/ament_cmake/cmake)
[0.155s] -- Found rclcpp: 28.1.9 (/opt/ros/jazzy/share/rclcpp/cmake)
[0.174s] -- Found rosidl_generator_c: 4.6.5 (/opt/ros/jazzy/share/rosidl_generator_c/cmake)
[0.180s] -- Found rosidl_generator_cpp: 4.6.5 (/opt/ros/jazzy/share/rosidl_generator_cpp/cmake)
[0.188s] -- Using all available rosidl_typesupport_c: rosidl_typesupport_fastrtps_c;rosidl_typesupport_introspection_c
[0.197s] -- Using all available rosidl_typesupport_cpp: rosidl_typesupport_fastrtps_cpp;rosidl_typesupport_introspection_cpp
[0.243s] -- Found rmw_implementation_cmake: 7.3.2 (/opt/ros/jazzy/share/rmw_implementation_cmake/cmake)
[0.244s] -- Found rmw_fastrtps_cpp: 8.4.2 (/opt/ros/jazzy/share/rmw_fastrtps_cpp/cmake)
[0.292s] -- Using RMW implementation 'rmw_fastrtps_cpp' as default
[0.339s] -- Found std_msgs: 5.3.6 (/opt/ros/jazzy/share/std_msgs/cmake)
[0.358s] [31mCMake Error at CMakeLists.txt:23 (find_package):
[0.358s]   By not providing "Findunitree_go.cmake" in CMAKE_MODULE_PATH this project
[0.358s]   has asked CMake to find a package configuration file provided by
[0.358s]   "unitree_go", but CMake did not find one.
[0.358s] 
[0.358s]   Could not find a package configuration file provided by "unitree_go" with
[0.358s]   any of the following names:
[0.358s] 
[0.358s]     unitree_goConfig.cmake
[0.358s]     unitree_go-config.cmake
[0.358s] 
[0.358s]   Add the installation prefix of "unitree_go" to CMAKE_PREFIX_PATH or set
[0.358s]   "unitree_go_DIR" to a directory containing one of the above files.  If
[0.358s]   "unitree_go" provides a separate development package or SDK, be sure it has
[0.358s]   been installed.
[0.359s] 
[0.359s] [0m
[0.359s] -- Configuring incomplete, errors occurred!
[0.363s] gmake: *** [Makefile:375: cmake_check_build_system] Error 1
[0.365s] Invoked command in '/home/daniel/aipex-quadruped-baselines/build/convex_mpc' returned '2': CMAKE_PREFIX_PATH=${CMAKE_PREFIX_PATH}:/opt/ros/jazzy CONDA_PROMPT_MODIFIER=(base) DEBUGINFOD_URLS=https://debuginfod.ubuntu.com /usr/bin/cmake --build /home/daniel/aipex-quadruped-baselines/build/convex_mpc -- -j16 -l16
