[0.007s] Invoking command in '/home/daniel/aipex-quadruped-baselines/build/convex_mpc': CMAKE_PREFIX_PATH=${CMAKE_PREFIX_PATH}:/opt/ros/jazzy CONDA_PROMPT_MODIFIER=(base) DEBUGINFOD_URLS=https://debuginfod.ubuntu.com /usr/bin/cmake --build /home/daniel/aipex-quadruped-baselines/build/convex_mpc -- -j16 -l16
[0.051s] [ 20%] [32mBuilding CXX object CMakeFiles/convex_mpc_controller.dir/src/gurobi_utils.cpp.o[0m
[0.051s] [ 40%] [32mBuilding CXX object CMakeFiles/convex_mpc_controller.dir/src/convex_mpc.cpp.o[0m
[0.051s] [ 60%] [32mBuilding CXX object CMakeFiles/convex_mpc_controller.dir/src/convex_mpc_publisher.cpp.o[0m
[0.051s] [ 80%] [32mBuilding CXX object CMakeFiles/convex_mpc_controller.dir/src/simplified_quad_dynamics.cpp.o[0m
[0.123s] [01m[K/home/daniel/aipex-quadruped-baselines/src/convex_mpc/src/convex_mpc_publisher.cpp:8:17:[m[K [01;31m[Kerror: [m[Kmissing terminating > character
[0.123s]     8 | #include <convex
[0.123s]       |                 [01;31m[K^[m[K
[0.123s] [01m[K/home/daniel/aipex-quadruped-baselines/src/convex_mpc/src/convex_mpc_publisher.cpp:8:10:[m[K [01;31m[Kfatal error: [m[Kconvex: No such file or directory
[0.123s]     8 | #include [01;31m[K<[m[Kconvex
[0.123s]       |          [01;31m[K^[m[K
[0.123s] compilation terminated.
[0.132s] gmake[2]: *** [CMakeFiles/convex_mpc_controller.dir/build.make:76: CMakeFiles/convex_mpc_controller.dir/src/convex_mpc_publisher.cpp.o] Error 1
[0.132s] gmake[2]: *** Waiting for unfinished jobs....
[0.189s] [01m[K/home/daniel/aipex-quadruped-baselines/src/convex_mpc/src/simplified_quad_dynamics.cpp:3:10:[m[K [01;31m[Kfatal error: [m[Ksimplified_quad_dynamics.hpp: No such file or directory
[0.189s]     3 | #include [01;31m[K"simplified_quad_dynamics.hpp"[m[K
[0.189s]       |          [01;31m[K^~~~~~~~~~~~~~~~~~~~~~~~~~~~~~[m[K
[0.189s] compilation terminated.
[0.192s] gmake[2]: *** [CMakeFiles/convex_mpc_controller.dir/build.make:118: CMakeFiles/convex_mpc_controller.dir/src/simplified_quad_dynamics.cpp.o] Error 1
[0.201s] [01m[K/home/daniel/aipex-quadruped-baselines/src/convex_mpc/src/convex_mpc.cpp:4:10:[m[K [01;31m[Kfatal error: [m[Kconvex_mpc.hpp: No such file or directory
[0.201s]     4 | #include [01;31m[K"convex_mpc.hpp"[m[K
[0.201s]       |          [01;31m[K^~~~~~~~~~~~~~~~[m[K
[0.201s] compilation terminated.
[0.204s] gmake[2]: *** [CMakeFiles/convex_mpc_controller.dir/build.make:90: CMakeFiles/convex_mpc_controller.dir/src/convex_mpc.cpp.o] Error 1
[0.831s] gmake[1]: *** [CMakeFiles/Makefile2:137: CMakeFiles/convex_mpc_controller.dir/all] Error 2
[0.831s] gmake: *** [Makefile:146: all] Error 2
[0.833s] Invoked command in '/home/daniel/aipex-quadruped-baselines/build/convex_mpc' returned '2': CMAKE_PREFIX_PATH=${CMAKE_PREFIX_PATH}:/opt/ros/jazzy CONDA_PROMPT_MODIFIER=(base) DEBUGINFOD_URLS=https://debuginfod.ubuntu.com /usr/bin/cmake --build /home/daniel/aipex-quadruped-baselines/build/convex_mpc -- -j16 -l16
