[0.007s] Invoking command in '/home/daniel/aipex-quadruped-baselines/build/convex_mpc': CMAKE_PREFIX_PATH=${CMAKE_PREFIX_PATH}:/opt/ros/jazzy CONDA_PROMPT_MODIFIER=(base) DEBUGINFOD_URLS=https://debuginfod.ubuntu.com /usr/bin/cmake --build /home/daniel/aipex-quadruped-baselines/build/convex_mpc -- -j16 -l16
[0.077s] [ 28%] [32mBuilding CXX object CMakeFiles/convex_mpc_controller.dir/src/convex_mpc.cpp.o[0m
[0.077s] [ 28%] [32mBuilding CXX object CMakeFiles/convex_mpc_controller.dir/src/convex_mpc_publisher.cpp.o[0m
[10.919s] [ 42%] [32m[1mLinking CXX executable convex_mpc_controller[0m
[11.427s] [100%] Built target convex_mpc_controller
[11.437s] Invoked command in '/home/daniel/aipex-quadruped-baselines/build/convex_mpc' returned '0': CMAKE_PREFIX_PATH=${CMAKE_PREFIX_PATH}:/opt/ros/jazzy CONDA_PROMPT_MODIFIER=(base) DEBUGINFOD_URLS=https://debuginfod.ubuntu.com /usr/bin/cmake --build /home/daniel/aipex-quadruped-baselines/build/convex_mpc -- -j16 -l16
[11.446s] Invoking command in '/home/daniel/aipex-quadruped-baselines/build/convex_mpc': CMAKE_PREFIX_PATH=${CMAKE_PREFIX_PATH}:/opt/ros/jazzy CONDA_PROMPT_MODIFIER=(base) DEBUGINFOD_URLS=https://debuginfod.ubuntu.com /usr/bin/cmake --install /home/daniel/aipex-quadruped-baselines/build/convex_mpc
[11.452s] -- Install configuration: ""
[11.453s] -- Execute custom install script
[11.453s] -- Up-to-date symlink: /home/daniel/aipex-quadruped-baselines/install/convex_mpc/lib/convex_mpc/convex_mpc_controller
[11.453s] -- Up-to-date symlink: /home/daniel/aipex-quadruped-baselines/install/convex_mpc/share/ament_index/resource_index/package_run_dependencies/convex_mpc
[11.453s] -- Up-to-date symlink: /home/daniel/aipex-quadruped-baselines/install/convex_mpc/share/ament_index/resource_index/parent_prefix_path/convex_mpc
[11.453s] -- Up-to-date symlink: /home/daniel/aipex-quadruped-baselines/install/convex_mpc/share/convex_mpc/environment/ament_prefix_path.sh
[11.453s] -- Up-to-date symlink: /home/daniel/aipex-quadruped-baselines/install/convex_mpc/share/convex_mpc/environment/ament_prefix_path.dsv
[11.453s] -- Up-to-date symlink: /home/daniel/aipex-quadruped-baselines/install/convex_mpc/share/convex_mpc/environment/path.sh
[11.454s] -- Up-to-date symlink: /home/daniel/aipex-quadruped-baselines/install/convex_mpc/share/convex_mpc/environment/path.dsv
[11.454s] -- Up-to-date symlink: /home/daniel/aipex-quadruped-baselines/install/convex_mpc/share/convex_mpc/local_setup.bash
[11.454s] -- Up-to-date symlink: /home/daniel/aipex-quadruped-baselines/install/convex_mpc/share/convex_mpc/local_setup.sh
[11.454s] -- Up-to-date symlink: /home/daniel/aipex-quadruped-baselines/install/convex_mpc/share/convex_mpc/local_setup.zsh
[11.454s] -- Up-to-date symlink: /home/daniel/aipex-quadruped-baselines/install/convex_mpc/share/convex_mpc/local_setup.dsv
[11.454s] -- Symlinking: /home/daniel/aipex-quadruped-baselines/install/convex_mpc/share/convex_mpc/package.dsv
[11.462s] -- Up-to-date symlink: /home/daniel/aipex-quadruped-baselines/install/convex_mpc/share/ament_index/resource_index/packages/convex_mpc
[11.462s] -- Up-to-date symlink: /home/daniel/aipex-quadruped-baselines/install/convex_mpc/share/convex_mpc/cmake/convex_mpcConfig.cmake
[11.462s] -- Up-to-date symlink: /home/daniel/aipex-quadruped-baselines/install/convex_mpc/share/convex_mpc/cmake/convex_mpcConfig-version.cmake
[11.462s] -- Up-to-date symlink: /home/daniel/aipex-quadruped-baselines/install/convex_mpc/share/convex_mpc/package.xml
[11.464s] Invoked command in '/home/daniel/aipex-quadruped-baselines/build/convex_mpc' returned '0': CMAKE_PREFIX_PATH=${CMAKE_PREFIX_PATH}:/opt/ros/jazzy CONDA_PROMPT_MODIFIER=(base) DEBUGINFOD_URLS=https://debuginfod.ubuntu.com /usr/bin/cmake --install /home/daniel/aipex-quadruped-baselines/build/convex_mpc
