[0.009s] Invoking command in '/home/daniel/aipex-quadruped-baselines/build/convex_mpc': CMAKE_PREFIX_PATH=${CMAKE_PREFIX_PATH}:/opt/ros/jazzy CONDA_PROMPT_MODIFIER=(base) DEBUGINFOD_URLS=https://debuginfod.ubuntu.com /usr/bin/cmake --build /home/daniel/aipex-quadruped-baselines/build/convex_mpc -- -j16 -l16
[0.062s] [ 16%] [32mBuilding CXX object CMakeFiles/convex_mpc_controller.dir/src/convex_mpc_publisher.cpp.o[0m
[0.064s] [ 33%] [32mBuilding CXX object CMakeFiles/convex_mpc_controller.dir/src/convex_mpc.cpp.o[0m
[0.269s] [01m[K/home/daniel/aipex-quadruped-baselines/src/convex_mpc/src/convex_mpc_publisher.cpp:10:10:[m[K [01;31m[Kfatal error: [m[Kunitree_hg/msg/low_cmd.hpp: No such file or directory
[0.269s]    10 | #include [01;31m[K"unitree_hg/msg/low_cmd.hpp"[m[K
[0.269s]       |          [01;31m[K^~~~~~~~~~~~~~~~~~~~~~~~~~~~[m[K
[0.270s] compilation terminated.
[0.280s] gmake[2]: *** [CMakeFiles/convex_mpc_controller.dir/build.make:76: CMakeFiles/convex_mpc_controller.dir/src/convex_mpc_publisher.cpp.o] Error 1
[0.280s] gmake[2]: *** Waiting for unfinished jobs....
[0.769s] In file included from [01m[K/home/daniel/aipex-quadruped-baselines/src/convex_mpc/src/convex_mpc.cpp:4[m[K:
[0.769s] [01m[K/home/daniel/aipex-quadruped-baselines/src/convex_mpc/include/convex_mpc/convex_mpc.hpp:65:18:[m[K [01;31m[Kerror: [m[Kredeclaration of ‘[01m[KEigen::MatrixXd ConvexMPC::R_bar[m[K’
[0.769s]    65 |         MatrixXd [01;31m[KR_bar[m[K;
[0.769s]       |                  [01;31m[K^~~~~[m[K
[0.769s] [01m[K/home/daniel/aipex-quadruped-baselines/src/convex_mpc/include/convex_mpc/convex_mpc.hpp:57:18:[m[K [01;36m[Knote: [m[Kprevious declaration ‘[01m[KEigen::MatrixXd ConvexMPC::R_bar[m[K’
[0.770s]    57 |         MatrixXd [01;36m[KR_bar[m[K; // Diagonal block matrix of quadratic control cost for N_MPC-1 steps
[0.770s]       |                  [01;36m[K^~~~~[m[K
[0.770s] [01m[K/home/daniel/aipex-quadruped-baselines/src/convex_mpc/include/convex_mpc/convex_mpc.hpp:66:18:[m[K [01;31m[Kerror: [m[Kredeclaration of ‘[01m[KEigen::MatrixXd ConvexMPC::Q_bar[m[K’
[0.770s]    66 |         MatrixXd [01;31m[KQ_bar[m[K;
[0.770s]       |                  [01;31m[K^~~~~[m[K
[0.770s] [01m[K/home/daniel/aipex-quadruped-baselines/src/convex_mpc/include/convex_mpc/convex_mpc.hpp:56:18:[m[K [01;36m[Knote: [m[Kprevious declaration ‘[01m[KEigen::MatrixXd ConvexMPC::Q_bar[m[K’
[0.770s]    56 |         MatrixXd [01;36m[KQ_bar[m[K; // Diagonal block matrix of quadratic state cost for N_MPC steps
[0.770s]       |                  [01;36m[K^~~~~[m[K
[0.770s] [01m[K/home/daniel/aipex-quadruped-baselines/src/convex_mpc/src/convex_mpc.cpp:[m[K In constructor ‘[01m[KConvexMPC::[01;32m[KConvexMPC[m[K(MPCParams, QuadrupedParams)[m[K’:
[0.770s] [01m[K/home/daniel/aipex-quadruped-baselines/src/convex_mpc/src/convex_mpc.cpp:17:54:[m[K [01;31m[Kerror: [m[Kno matching function for call to ‘[01m[KGRBModel::GRBModel()[m[K’
[0.770s]    17 |     : mpc_params(mpc_params), quad_params(quad_params[01;31m[K)[m[K
[0.770s]       |                                                      [01;31m[K^[m[K
[0.770s] In file included from [01m[K/home/daniel/aipex-quadruped-baselines/src/convex_mpc/include/convex_mpc/convex_mpc.hpp:5[m[K:
[0.770s] [01m[K/opt/gurobi1202/linux64/include/gurobi_c++.h:544:5:[m[K [01;36m[Knote: [m[Kcandidate: ‘[01m[KGRBModel::[01;32m[KGRBModel[m[K(const GRBModel&, const GRBEnv&)[m[K’
[0.770s]   544 |     [01;36m[KGRBModel[m[K(const GRBModel& xmodel, const GRBEnv& targetenv);
[0.770s]       |     [01;36m[K^~~~~~~~[m[K
[0.770s] [01m[K/opt/gurobi1202/linux64/include/gurobi_c++.h:544:5:[m[K [01;36m[Knote: [m[K  candidate expects 2 arguments, 0 provided
[0.770s] [01m[K/opt/gurobi1202/linux64/include/gurobi_c++.h:543:5:[m[K [01;36m[Knote: [m[Kcandidate: ‘[01m[KGRBModel::[01;32m[KGRBModel[m[K(const GRBModel&)[m[K’
[0.771s]   543 |     [01;36m[KGRBModel[m[K(const GRBModel& xmodel);
[0.771s]       |     [01;36m[K^~~~~~~~[m[K
[0.771s] [01m[K/opt/gurobi1202/linux64/include/gurobi_c++.h:543:5:[m[K [01;36m[Knote: [m[K  candidate expects 1 argument, 0 provided
[0.771s] [01m[K/opt/gurobi1202/linux64/include/gurobi_c++.h:542:5:[m[K [01;36m[Knote: [m[Kcandidate: ‘[01m[KGRBModel::[01;32m[KGRBModel[m[K(const GRBEnv&, const std::string&)[m[K’
[0.771s]   542 |     [01;36m[KGRBModel[m[K(const GRBEnv& env, const std::string& filename);
[0.771s]       |     [01;36m[K^~~~~~~~[m[K
[0.771s] [01m[K/opt/gurobi1202/linux64/include/gurobi_c++.h:542:5:[m[K [01;36m[Knote: [m[K  candidate expects 2 arguments, 0 provided
[0.771s] [01m[K/opt/gurobi1202/linux64/include/gurobi_c++.h:541:5:[m[K [01;36m[Knote: [m[Kcandidate: ‘[01m[KGRBModel::[01;32m[KGRBModel[m[K(const GRBEnv*, const std::string&)[m[K’
[0.771s]   541 |     [01;36m[KGRBModel[m[K(const GRBEnv* env, const std::string& filename);
[0.771s]       |     [01;36m[K^~~~~~~~[m[K
[0.771s] [01m[K/opt/gurobi1202/linux64/include/gurobi_c++.h:541:5:[m[K [01;36m[Knote: [m[K  candidate expects 2 arguments, 0 provided
[0.771s] [01m[K/opt/gurobi1202/linux64/include/gurobi_c++.h:540:5:[m[K [01;36m[Knote: [m[Kcandidate: ‘[01m[KGRBModel::[01;32m[KGRBModel[m[K(const GRBEnv&)[m[K’
[0.771s]   540 |     [01;36m[KGRBModel[m[K(const GRBEnv& env);
[0.771s]       |     [01;36m[K^~~~~~~~[m[K
[0.771s] [01m[K/opt/gurobi1202/linux64/include/gurobi_c++.h:540:5:[m[K [01;36m[Knote: [m[K  candidate expects 1 argument, 0 provided
[0.771s] [01m[K/opt/gurobi1202/linux64/include/gurobi_c++.h:539:5:[m[K [01;36m[Knote: [m[Kcandidate: ‘[01m[KGRBModel::[01;32m[KGRBModel[m[K(const GRBEnv*)[m[K’
[0.771s]   539 |     [01;36m[KGRBModel[m[K(const GRBEnv* env);
[0.771s]       |     [01;36m[K^~~~~~~~[m[K
[0.771s] [01m[K/opt/gurobi1202/linux64/include/gurobi_c++.h:539:5:[m[K [01;36m[Knote: [m[K  candidate expects 1 argument, 0 provided
[0.830s] [01m[K/home/daniel/aipex-quadruped-baselines/src/convex_mpc/src/convex_mpc.cpp:[m[K In member function ‘[01m[KEigen::MatrixXd ConvexMPC::[01;32m[Kcompute_R_bar[m[K()[m[K’:
[0.830s] [01m[K/home/daniel/aipex-quadruped-baselines/src/convex_mpc/src/convex_mpc.cpp:185:9:[m[K [01;35m[Kwarning: [m[Kunused variable ‘[01m[KN_CONTROLS[m[K’ [[01;35m[K]8;;https://gcc.gnu.org/onlinedocs/gcc/Warning-Options.html#index-Wunused-variable-Wunused-variable]8;;[m[K]
[0.830s]   185 |     int [01;35m[KN_CONTROLS[m[K = mpc_params.N_CONTROLS;
[0.830s]       |         [01;35m[K^~~~~~~~~~[m[K
[0.830s] [01m[K/home/daniel/aipex-quadruped-baselines/src/convex_mpc/src/convex_mpc.cpp:[m[K In member function ‘[01m[KEigen::MatrixXd ConvexMPC::[01;32m[Kcompute_Q_bar[m[K()[m[K’:
[0.830s] [01m[K/home/daniel/aipex-quadruped-baselines/src/convex_mpc/src/convex_mpc.cpp:196:9:[m[K [01;35m[Kwarning: [m[Kunused variable ‘[01m[KN_CONTROLS[m[K’ [[01;35m[K]8;;https://gcc.gnu.org/onlinedocs/gcc/Warning-Options.html#index-Wunused-variable-Wunused-variable]8;;[m[K]
[0.831s]   196 |     int [01;35m[KN_CONTROLS[m[K = mpc_params.N_CONTROLS;
[0.831s]       |         [01;35m[K^~~~~~~~~~[m[K
[4.821s] gmake[2]: *** [CMakeFiles/convex_mpc_controller.dir/build.make:90: CMakeFiles/convex_mpc_controller.dir/src/convex_mpc.cpp.o] Error 1
[4.821s] gmake[1]: *** [CMakeFiles/Makefile2:137: CMakeFiles/convex_mpc_controller.dir/all] Error 2
[4.821s] gmake: *** [Makefile:146: all] Error 2
[4.824s] Invoked command in '/home/daniel/aipex-quadruped-baselines/build/convex_mpc' returned '2': CMAKE_PREFIX_PATH=${CMAKE_PREFIX_PATH}:/opt/ros/jazzy CONDA_PROMPT_MODIFIER=(base) DEBUGINFOD_URLS=https://debuginfod.ubuntu.com /usr/bin/cmake --build /home/daniel/aipex-quadruped-baselines/build/convex_mpc -- -j16 -l16
