[01m[K/home/daniel/aipex-quadruped-baselines/src/convex_mpc/src/convex_mpc_publisher.cpp:[m[K In constructor ‘[01m[KQuadConvexMPCNode::[01;32m[KQuadConvexMPCNode[m[K()[m[K’:
[01m[K/home/daniel/aipex-quadruped-baselines/src/convex_mpc/src/convex_mpc_publisher.cpp:113:65:[m[K [01;31m[Kerror: [m[Kno match for ‘[01m[Koperator=[m[K’ (operand types are ‘[01m[Kstd::unique_ptr<ConvexMPC>[m[K’ and ‘[01m[KConvexMPC[m[K’)
  113 |              convex_mpc = ConvexMPC(mpc_params, quadruped_params[01;31m[K)[m[K;
      |                                                                 [01;31m[K^[m[K
In file included from [01m[K/usr/include/c++/13/memory:78[m[K,
                 from [01m[K/home/daniel/aipex-quadruped-baselines/src/convex_mpc/src/convex_mpc_publisher.cpp:3[m[K:
[01m[K/usr/include/c++/13/bits/unique_ptr.h:430:9:[m[K [01;36m[Knote: [m[Kcandidate: ‘[01m[Ktemplate<class _Up, class _Ep> typename std::enable_if<std::__and_<std::__and_<std::is_convertible<typename std::unique_ptr<_Up, _Ep>::pointer, typename std::__uniq_ptr_impl<_Tp, _Dp>::pointer>, std::__not_<std::is_array<_Up> > >, std::is_assignable<_T2&, _U2&&> >::value, std::unique_ptr<_Tp, _Dp>&>::type std::unique_ptr<_Tp, _Dp>::[01;32m[Koperator=[m[K(std::unique_ptr<_Up, _Ep>&&) [35m[K[with _Ep = _Up; _Tp = ConvexMPC; _Dp = std::default_delete<ConvexMPC>][m[K[m[K’
  430 |         [01;36m[Koperator[m[K=(unique_ptr<_Up, _Ep>&& __u) noexcept
      |         [01;36m[K^~~~~~~~[m[K
[01m[K/usr/include/c++/13/bits/unique_ptr.h:430:9:[m[K [01;36m[Knote: [m[K  template argument deduction/substitution failed:
[01m[K/home/daniel/aipex-quadruped-baselines/src/convex_mpc/src/convex_mpc_publisher.cpp:113:65:[m[K [01;36m[Knote: [m[K  ‘[01m[KConvexMPC[m[K’ is not derived from ‘[01m[Kstd::unique_ptr<_Tp, _Dp>[m[K’
  113 |              convex_mpc = ConvexMPC(mpc_params, quadruped_params[01;36m[K)[m[K;
      |                                                                 [01;36m[K^[m[K
[01m[K/usr/include/c++/13/bits/unique_ptr.h:414:19:[m[K [01;36m[Knote: [m[Kcandidate: ‘[01m[Kstd::unique_ptr<_Tp, _Dp>& std::unique_ptr<_Tp, _Dp>::[01;32m[Koperator=[m[K(std::unique_ptr<_Tp, _Dp>&&) [35m[K[with _Tp = ConvexMPC; _Dp = std::default_delete<ConvexMPC>][m[K[m[K’
  414 |       unique_ptr& [01;36m[Koperator[m[K=(unique_ptr&&) = default;
      |                   [01;36m[K^~~~~~~~[m[K
[01m[K/usr/include/c++/13/bits/unique_ptr.h:414:29:[m[K [01;36m[Knote: [m[K  no known conversion for argument 1 from ‘[01m[KConvexMPC[m[K’ to ‘[01m[Kstd::unique_ptr<ConvexMPC>&&[m[K’
  414 |       unique_ptr& operator=([01;36m[Kunique_ptr&&[m[K) = default;
      |                             [01;36m[K^~~~~~~~~~~~[m[K
[01m[K/usr/include/c++/13/bits/unique_ptr.h:440:7:[m[K [01;36m[Knote: [m[Kcandidate: ‘[01m[Kstd::unique_ptr<_Tp, _Dp>& std::unique_ptr<_Tp, _Dp>::[01;32m[Koperator=[m[K(std::nullptr_t) [35m[K[with _Tp = ConvexMPC; _Dp = std::default_delete<ConvexMPC>; std::nullptr_t = std::nullptr_t][m[K[m[K’
  440 |       [01;36m[Koperator[m[K=(nullptr_t) noexcept
      |       [01;36m[K^~~~~~~~[m[K
[01m[K/usr/include/c++/13/bits/unique_ptr.h:440:17:[m[K [01;36m[Knote: [m[K  no known conversion for argument 1 from ‘[01m[KConvexMPC[m[K’ to ‘[01m[Kstd::nullptr_t[m[K’
  440 |       operator=([01;36m[Knullptr_t[m[K) noexcept
      |                 [01;36m[K^~~~~~~~~[m[K
[01m[K/home/daniel/aipex-quadruped-baselines/src/convex_mpc/src/convex_mpc_publisher.cpp:[m[K In member function ‘[01m[Kvoid QuadConvexMPCNode::[01;32m[Kupdate_mpc_state[m[K()[m[K’:
[01m[K/home/daniel/aipex-quadruped-baselines/src/convex_mpc/src/convex_mpc_publisher.cpp:237:30:[m[K [01;31m[Kerror: [m[K‘[01m[Kclass std::unique_ptr<ConvexMPC>[m[K’ has no member named ‘[01m[Kupdate_x0[m[K’
  237 |             this->convex_mpc.[01;31m[Kupdate_x0[m[K(
      |                              [01;31m[K^~~~~~~~~[m[K
[01m[K/home/daniel/aipex-quadruped-baselines/src/convex_mpc/src/convex_mpc_publisher.cpp:240:21:[m[K [01;31m[Kerror: [m[K‘[01m[Kposition[m[K’ was not declared in this scope
  240 |                     [01;31m[Kposition[m[K[0], position[1], position[2], // Position in x, y, z
      |                     [01;31m[K^~~~~~~~[m[K
[01m[K/home/daniel/aipex-quadruped-baselines/src/convex_mpc/src/convex_mpc_publisher.cpp:244:17:[m[K [01;31m[Kerror: [m[Kno matching function for call to ‘[01m[KEigen::Matrix<double, 13, 1, 0, 13, 1>::Matrix(<brace-enclosed initializer list>)[m[K’
  244 |                 [01;31m[K}[m[K
      |                 [01;31m[K^[m[K
In file included from [01m[K/usr/include/eigen3/Eigen/Core:295[m[K,
                 from [01m[K/usr/include/eigen3/Eigen/Dense:1[m[K,
                 from [01m[K/home/daniel/aipex-quadruped-baselines/src/convex_mpc/src/convex_mpc_publisher.cpp:7[m[K:
[01m[K/usr/include/eigen3/Eigen/src/Core/Matrix.h:435:14:[m[K [01;36m[Knote: [m[Kcandidate: ‘[01m[Ktemplate<class OtherDerived> Eigen::Matrix<_Scalar, _Rows, _Cols, _Options, _MaxRows, _MaxCols>::[01;32m[KMatrix[m[K(const Eigen::RotationBase<OtherDerived, Eigen::Matrix<_Scalar, _Rows, _Cols, _Options, _MaxRows, _MaxCols>::ColsAtCompileTime>&) [35m[K[with _Scalar = double; int _Rows = 13; int _Cols = 1; int _Options = 0; int _MaxRows = 13; int _MaxCols = 1][m[K[m[K’
  435 |     explicit [01;36m[KMatrix[m[K(const RotationBase<OtherDerived,ColsAtCompileTime>& r);
      |              [01;36m[K^~~~~~[m[K
[01m[K/usr/include/eigen3/Eigen/src/Core/Matrix.h:435:14:[m[K [01;36m[Knote: [m[K  template argument deduction/substitution failed:
[01m[K/home/daniel/aipex-quadruped-baselines/src/convex_mpc/src/convex_mpc_publisher.cpp:244:17:[m[K [01;36m[Knote: [m[K  mismatched types ‘[01m[Kconst Eigen::RotationBase<OtherDerived, 1>[m[K’ and ‘[01m[Kfloat[m[K’
  244 |                 [01;36m[K}[m[K
      |                 [01;36m[K^[m[K
[01m[K/usr/include/eigen3/Eigen/src/Core/Matrix.h:422:25:[m[K [01;36m[Knote: [m[Kcandidate: ‘[01m[Ktemplate<class OtherDerived> Eigen::Matrix<_Scalar, _Rows, _Cols, _Options, _MaxRows, _MaxCols>::[01;32m[KMatrix[m[K(const Eigen::EigenBase<OtherDerived>&) [35m[K[with _Scalar = double; int _Rows = 13; int _Cols = 1; int _Options = 0; int _MaxRows = 13; int _MaxCols = 1][m[K[m[K’
  422 |     EIGEN_STRONG_INLINE [01;36m[KMatrix[m[K(const EigenBase<OtherDerived> &other)
      |                         [01;36m[K^~~~~~[m[K
[01m[K/usr/include/eigen3/Eigen/src/Core/Matrix.h:422:25:[m[K [01;36m[Knote: [m[K  template argument deduction/substitution failed:
[01m[K/home/daniel/aipex-quadruped-baselines/src/convex_mpc/src/convex_mpc_publisher.cpp:244:17:[m[K [01;36m[Knote: [m[K  mismatched types ‘[01m[Kconst Eigen::EigenBase<Derived>[m[K’ and ‘[01m[Kfloat[m[K’
  244 |                 [01;36m[K}[m[K
      |                 [01;36m[K^[m[K
[01m[K/usr/include/eigen3/Eigen/src/Core/Matrix.h:337:5:[m[K [01;36m[Knote: [m[Kcandidate: ‘[01m[Ktemplate<class T0, class T1> Eigen::Matrix<_Scalar, _Rows, _Cols, _Options, _MaxRows, _MaxCols>::[01;32m[KMatrix[m[K(const T0&, const T1&) [35m[K[with T1 = T0; _Scalar = double; int _Rows = 13; int _Cols = 1; int _Options = 0; int _MaxRows = 13; int _MaxCols = 1][m[K[m[K’
  337 |     [01;36m[KMatrix[m[K(const T0& x, const T1& y)
      |     [01;36m[K^~~~~~[m[K
[01m[K/usr/include/eigen3/Eigen/src/Core/Matrix.h:337:5:[m[K [01;36m[Knote: [m[K  template argument deduction/substitution failed:
[01m[K/home/daniel/aipex-quadruped-baselines/src/convex_mpc/src/convex_mpc_publisher.cpp:244:17:[m[K [01;36m[Knote: [m[K  candidate expects 2 arguments, 13 provided
  244 |                 [01;36m[K}[m[K
      |                 [01;36m[K^[m[K
[01m[K/usr/include/eigen3/Eigen/src/Core/Matrix.h:329:14:[m[K [01;36m[Knote: [m[Kcandidate: ‘[01m[Ktemplate<class T> Eigen::Matrix<_Scalar, _Rows, _Cols, _Options, _MaxRows, _MaxCols>::[01;32m[KMatrix[m[K(const T&) [35m[K[with _Scalar = double; int _Rows = 13; int _Cols = 1; int _Options = 0; int _MaxRows = 13; int _MaxCols = 1][m[K[m[K’
  329 |     explicit [01;36m[KMatrix[m[K(const T& x)
      |              [01;36m[K^~~~~~[m[K
[01m[K/usr/include/eigen3/Eigen/src/Core/Matrix.h:329:14:[m[K [01;36m[Knote: [m[K  template argument deduction/substitution failed:
[01m[K/home/daniel/aipex-quadruped-baselines/src/convex_mpc/src/convex_mpc_publisher.cpp:244:17:[m[K [01;36m[Knote: [m[K  candidate expects 1 argument, 13 provided
  244 |                 [01;36m[K}[m[K
      |                 [01;36m[K^[m[K
[01m[K/usr/include/eigen3/Eigen/src/Core/Matrix.h:296:5:[m[K [01;36m[Knote: [m[Kcandidate: ‘[01m[Ktemplate<class ... ArgTypes> Eigen::Matrix<_Scalar, _Rows, _Cols, _Options, _MaxRows, _MaxCols>::[01;32m[KMatrix[m[K(const Scalar&, const Scalar&, const Scalar&, const Scalar&, const ArgTypes& ...) [35m[K[with ArgTypes = {ArgTypes ...}; _Scalar = double; int _Rows = 13; int _Cols = 1; int _Options = 0; int _MaxRows = 13; int _MaxCols = 1][m[K[m[K’
  296 |     [01;36m[KMatrix[m[K(const Scalar& a0, const Scalar& a1, const Scalar& a2,  const Scalar& a3, const ArgTypes&... args)
      |     [01;36m[K^~~~~~[m[K
[01m[K/usr/include/eigen3/Eigen/src/Core/Matrix.h:296:5:[m[K [01;36m[Knote: [m[K  template argument deduction/substitution failed:
[01m[K/usr/include/eigen3/Eigen/src/Core/Matrix.h:414:25:[m[K [01;36m[Knote: [m[Kcandidate: ‘[01m[KEigen::Matrix<_Scalar, _Rows, _Cols, _Options, _MaxRows, _MaxCols>::[01;32m[KMatrix[m[K(const Eigen::Matrix<_Scalar, _Rows, _Cols, _Options, _MaxRows, _MaxCols>&) [35m[K[with _Scalar = double; int _Rows = 13; int _Cols = 1; int _Options = 0; int _MaxRows = 13; int _MaxCols = 1][m[K[m[K’
  414 |     EIGEN_STRONG_INLINE [01;36m[KMatrix[m[K(const Matrix& other) : Base(other)
      |                         [01;36m[K^~~~~~[m[K
[01m[K/usr/include/eigen3/Eigen/src/Core/Matrix.h:414:25:[m[K [01;36m[Knote: [m[K  candidate expects 1 argument, 13 provided
[01m[K/usr/include/eigen3/Eigen/src/Core/Matrix.h:401:25:[m[K [01;36m[Knote: [m[Kcandidate: ‘[01m[KEigen::Matrix<_Scalar, _Rows, _Cols, _Options, _MaxRows, _MaxCols>::[01;32m[KMatrix[m[K(const Scalar&, const Scalar&, const Scalar&, const Scalar&) [35m[K[with _Scalar = double; int _Rows = 13; int _Cols = 1; int _Options = 0; int _MaxRows = 13; int _MaxCols = 1; Scalar = double][m[K[m[K’
  401 |     EIGEN_STRONG_INLINE [01;36m[KMatrix[m[K(const Scalar& x, const Scalar& y, const Scalar& z, const Scalar& w)
      |                         [01;36m[K^~~~~~[m[K
[01m[K/usr/include/eigen3/Eigen/src/Core/Matrix.h:401:25:[m[K [01;36m[Knote: [m[K  candidate expects 4 arguments, 13 provided
[01m[K/usr/include/eigen3/Eigen/src/Core/Matrix.h:389:25:[m[K [01;36m[Knote: [m[Kcandidate: ‘[01m[KEigen::Matrix<_Scalar, _Rows, _Cols, _Options, _MaxRows, _MaxCols>::[01;32m[KMatrix[m[K(const Scalar&, const Scalar&, const Scalar&) [35m[K[with _Scalar = double; int _Rows = 13; int _Cols = 1; int _Options = 0; int _MaxRows = 13; int _MaxCols = 1; Scalar = double][m[K[m[K’
  389 |     EIGEN_STRONG_INLINE [01;36m[KMatrix[m[K(const Scalar& x, const Scalar& y, const Scalar& z)
      |                         [01;36m[K^~~~~~[m[K
[01m[K/usr/include/eigen3/Eigen/src/Core/Matrix.h:389:25:[m[K [01;36m[Knote: [m[K  candidate expects 3 arguments, 13 provided
[01m[K/usr/include/eigen3/Eigen/src/Core/Matrix.h:321:34:[m[K [01;36m[Knote: [m[Kcandidate: ‘[01m[KEigen::Matrix<_Scalar, _Rows, _Cols, _Options, _MaxRows, _MaxCols>::[01;32m[KMatrix[m[K(const std::initializer_list<std::initializer_list<typename Eigen::internal::traits<Eigen::Matrix<_Scalar, _Rows, _Cols, _Options, _MaxRows, _MaxCols> >::Scalar> >&) [35m[K[with _Scalar = double; int _Rows = 13; int _Cols = 1; int _Options = 0; int _MaxRows = 13; int _MaxCols = 1; typename Eigen::internal::traits<Eigen::Matrix<_Scalar, _Rows, _Cols, _Options, _MaxRows, _MaxCols> >::Scalar = double][m[K[m[K’
  321 |     explicit EIGEN_STRONG_INLINE [01;36m[KMatrix[m[K(const std::initializer_list<std::initializer_list<Scalar>>& list) : Base(list) {}
      |                                  [01;36m[K^~~~~~[m[K
[01m[K/usr/include/eigen3/Eigen/src/Core/Matrix.h:321:34:[m[K [01;36m[Knote: [m[K  candidate expects 1 argument, 13 provided
[01m[K/usr/include/eigen3/Eigen/src/Core/Matrix.h:273:5:[m[K [01;36m[Knote: [m[Kcandidate: ‘[01m[KEigen::Matrix<_Scalar, _Rows, _Cols, _Options, _MaxRows, _MaxCols>::[01;32m[KMatrix[m[K(Eigen::Matrix<_Scalar, _Rows, _Cols, _Options, _MaxRows, _MaxCols>&&) [35m[K[with _Scalar = double; int _Rows = 13; int _Cols = 1; int _Options = 0; int _MaxRows = 13; int _MaxCols = 1][m[K[m[K’
  273 |     [01;36m[KMatrix[m[K(Matrix&& other) EIGEN_NOEXCEPT_IF(std::is_nothrow_move_constructible<Scalar>::value)
      |     [01;36m[K^~~~~~[m[K
[01m[K/usr/include/eigen3/Eigen/src/Core/Matrix.h:273:5:[m[K [01;36m[Knote: [m[K  candidate expects 1 argument, 13 provided
[01m[K/usr/include/eigen3/Eigen/src/Core/Matrix.h:267:14:[m[K [01;36m[Knote: [m[Kcandidate: ‘[01m[KEigen::Matrix<_Scalar, _Rows, _Cols, _Options, _MaxRows, _MaxCols>::[01;32m[KMatrix[m[K(Eigen::internal::constructor_without_unaligned_array_assert) [35m[K[with _Scalar = double; int _Rows = 13; int _Cols = 1; int _Options = 0; int _MaxRows = 13; int _MaxCols = 1][m[K[m[K’
  267 |     explicit [01;36m[KMatrix[m[K(internal::constructor_without_unaligned_array_assert)
      |              [01;36m[K^~~~~~[m[K
[01m[K/usr/include/eigen3/Eigen/src/Core/Matrix.h:267:14:[m[K [01;36m[Knote: [m[K  candidate expects 1 argument, 13 provided
[01m[K/usr/include/eigen3/Eigen/src/Core/Matrix.h:259:5:[m[K [01;36m[Knote: [m[Kcandidate: ‘[01m[KEigen::Matrix<_Scalar, _Rows, _Cols, _Options, _MaxRows, _MaxCols>::[01;32m[KMatrix[m[K() [35m[K[with _Scalar = double; int _Rows = 13; int _Cols = 1; int _Options = 0; int _MaxRows = 13; int _MaxCols = 1][m[K[m[K’
  259 |     [01;36m[KMatrix[m[K() : Base()
      |     [01;36m[K^~~~~~[m[K
[01m[K/usr/include/eigen3/Eigen/src/Core/Matrix.h:259:5:[m[K [01;36m[Knote: [m[K  candidate expects 0 arguments, 13 provided
gmake[2]: *** [CMakeFiles/convex_mpc_controller.dir/build.make:76: CMakeFiles/convex_mpc_controller.dir/src/convex_mpc_publisher.cpp.o] Error 1
gmake[2]: *** Waiting for unfinished jobs....
gmake[1]: *** [CMakeFiles/Makefile2:137: CMakeFiles/convex_mpc_controller.dir/all] Error 2
gmake: *** [Makefile:146: all] Error 2
