[0.008s] Invoking command in '/home/daniel/aipex-quadruped-baselines/build/convex_mpc': CMAKE_PREFIX_PATH=${CMAKE_PREFIX_PATH}:/opt/ros/jazzy CONDA_PROMPT_MODIFIER=(base) DEBUGINFOD_URLS=https://debuginfod.ubuntu.com /usr/bin/cmake --build /home/daniel/aipex-quadruped-baselines/build/convex_mpc -- -j16 -l16
[0.030s] -- Found ament_cmake: 2.5.4 (/opt/ros/jazzy/share/ament_cmake/cmake)
[0.162s] -- Found rclcpp: 28.1.9 (/opt/ros/jazzy/share/rclcpp/cmake)
[0.181s] -- Found rosidl_generator_c: 4.6.5 (/opt/ros/jazzy/share/rosidl_generator_c/cmake)
[0.187s] -- Found rosidl_generator_cpp: 4.6.5 (/opt/ros/jazzy/share/rosidl_generator_cpp/cmake)
[0.195s] -- Using all available rosidl_typesupport_c: rosidl_typesupport_fastrtps_c;rosidl_typesupport_introspection_c
[0.204s] -- Using all available rosidl_typesupport_cpp: rosidl_typesupport_fastrtps_cpp;rosidl_typesupport_introspection_cpp
[0.252s] -- Found rmw_implementation_cmake: 7.3.2 (/opt/ros/jazzy/share/rmw_implementation_cmake/cmake)
[0.253s] -- Found rmw_fastrtps_cpp: 8.4.2 (/opt/ros/jazzy/share/rmw_fastrtps_cpp/cmake)
[0.299s] -- Using RMW implementation 'rmw_fastrtps_cpp' as default
[0.345s] -- Found std_msgs: 5.3.6 (/opt/ros/jazzy/share/std_msgs/cmake)
[0.355s] -- Found ament_lint_auto: 0.17.2 (/opt/ros/jazzy/share/ament_lint_auto/cmake)
[0.416s] -- Added test 'cppcheck' to perform static code analysis on C / C++ code
[0.416s] -- Configured cppcheck include dirs: /home/daniel/aipex-quadruped-baselines/src/convex_mpc/include
[0.416s] -- Configured cppcheck exclude dirs and/or files: 
[0.417s] -- Added test 'lint_cmake' to check CMake code style
[0.418s] -- Added test 'uncrustify' to check C / C++ code style
[0.418s] -- Configured uncrustify additional arguments: 
[0.418s] -- Added test 'xmllint' to check XML markup files
[0.418s] -- Configuring done (0.4s)
[0.427s] -- Generating done (0.0s)
[0.430s] -- Build files have been written to: /home/daniel/aipex-quadruped-baselines/build/convex_mpc
[0.465s] [ 16%] [32mBuilding CXX object CMakeFiles/convex_mpc_controller.dir/src/convex_mpc_publisher.cpp.o[0m
[0.465s] [ 33%] [32mBuilding CXX object CMakeFiles/convex_mpc_controller.dir/src/convex_mpc.cpp.o[0m
[0.466s] [ 50%] [32mBuilding CXX object CMakeFiles/convex_mpc_controller.dir/src/simplified_quad_dynamics.cpp.o[0m
[0.466s] [ 66%] [32mBuilding CXX object CMakeFiles/convex_mpc_controller.dir/src/state_space.cpp.o[0m
[0.473s] [01m[K/home/daniel/aipex-quadruped-baselines/src/convex_mpc/src/state_space.cpp:1:10:[m[K [01;31m[Kfatal error: [m[Kstate_space.hpp: No such file or directory
[0.473s]     1 | #include [01;31m[K"state_space.hpp"[m[K
[0.473s]       |          [01;31m[K^~~~~~~~~~~~~~~~~[m[K
[0.473s] compilation terminated.
[0.474s] gmake[2]: *** [CMakeFiles/convex_mpc_controller.dir/build.make:132: CMakeFiles/convex_mpc_controller.dir/src/state_space.cpp.o] Error 1
[0.474s] gmake[2]: *** Waiting for unfinished jobs....
[0.601s] [01m[K/home/daniel/aipex-quadruped-baselines/src/convex_mpc/src/simplified_quad_dynamics.cpp:3:10:[m[K [01;31m[Kfatal error: [m[Ksimplified_quad_dynamics.hpp: No such file or directory
[0.601s]     3 | #include [01;31m[K"simplified_quad_dynamics.hpp"[m[K
[0.601s]       |          [01;31m[K^~~~~~~~~~~~~~~~~~~~~~~~~~~~~~[m[K
[0.601s] compilation terminated.
[0.602s] In file included from [01m[K/home/daniel/aipex-quadruped-baselines/src/convex_mpc/src/convex_mpc.cpp:4[m[K:
[0.602s] [01m[K/home/daniel/aipex-quadruped-baselines/src/convex_mpc/include/convex_mpc/convex_mpc.hpp:8:10:[m[K [01;31m[Kfatal error: [m[Kconvex_mpc/mpc_params.hpp: No such file or directory
[0.602s]     8 | #include [01;31m[K"convex_mpc/mpc_params.hpp"[m[K
[0.602s]       |          [01;31m[K^~~~~~~~~~~~~~~~~~~~~~~~~~~[m[K
[0.602s] compilation terminated.
[0.611s] gmake[2]: *** [CMakeFiles/convex_mpc_controller.dir/build.make:90: CMakeFiles/convex_mpc_controller.dir/src/convex_mpc.cpp.o] Error 1
[0.611s] gmake[2]: *** [CMakeFiles/convex_mpc_controller.dir/build.make:118: CMakeFiles/convex_mpc_controller.dir/src/simplified_quad_dynamics.cpp.o] Error 1
[0.653s] [01m[K/home/daniel/aipex-quadruped-baselines/src/convex_mpc/src/convex_mpc_publisher.cpp:10:10:[m[K [01;31m[Kfatal error: [m[Kunitree_hg/msg/low_cmd.hpp: No such file or directory
[0.653s]    10 | #include [01;31m[K"unitree_hg/msg/low_cmd.hpp"[m[K
[0.653s]       |          [01;31m[K^~~~~~~~~~~~~~~~~~~~~~~~~~~~[m[K
[0.653s] compilation terminated.
[0.656s] gmake[2]: *** [CMakeFiles/convex_mpc_controller.dir/build.make:76: CMakeFiles/convex_mpc_controller.dir/src/convex_mpc_publisher.cpp.o] Error 1
[0.657s] gmake[1]: *** [CMakeFiles/Makefile2:137: CMakeFiles/convex_mpc_controller.dir/all] Error 2
[0.657s] gmake: *** [Makefile:146: all] Error 2
[0.659s] Invoked command in '/home/daniel/aipex-quadruped-baselines/build/convex_mpc' returned '2': CMAKE_PREFIX_PATH=${CMAKE_PREFIX_PATH}:/opt/ros/jazzy CONDA_PROMPT_MODIFIER=(base) DEBUGINFOD_URLS=https://debuginfod.ubuntu.com /usr/bin/cmake --build /home/daniel/aipex-quadruped-baselines/build/convex_mpc -- -j16 -l16
