[01m[K/home/daniel/aipex-quadruped-baselines/src/convex_mpc/src/convex_mpc_publisher.cpp:23:37:[m[K [01;35m[Kwarning: [m[Kextra tokens at end of #include directive
   23 | #include "convex_mpc/mpc_params.hpp"[01;35m[K>[m[K
      |                                     [01;35m[K^[m[K
[01m[K/home/daniel/aipex-quadruped-baselines/src/convex_mpc/src/convex_mpc_publisher.cpp:[m[K In constructor ‘[01m[KQuadConvexMPCNode::[01;32m[KQuadConvexMPCNode[m[K()[m[K’:
[01m[K/home/daniel/aipex-quadruped-baselines/src/convex_mpc/src/convex_mpc_publisher.cpp:76:13:[m[K [01;31m[Kerror: [m[K‘[01m[Ktimer_[m[K’ was not declared in this scope; did you mean ‘[01m[Ktimer_t[m[K’?
   76 |             [01;31m[Ktimer_[m[K = this->create_wall_timer(std::chrono::milliseconds(1000), std::bind(&QuadConvexMPCNode::update_mpc_state, this));
      |             [01;31m[K^~~~~~[m[K
      |             [32m[Ktimer_t[m[K
[01m[K/home/daniel/aipex-quadruped-baselines/src/convex_mpc/src/convex_mpc_publisher.cpp:87:46:[m[K [01;31m[Kerror: [m[K‘[01m[KN_MPC[m[K’ was not declared in this scope
   87 |             MPCParams mpc_params = MPCParams([01;31m[KN_MPC[m[K, N_CONTROLS, N_STATES,
      |                                              [01;31m[K^~~~~[m[K
[01m[K/home/daniel/aipex-quadruped-baselines/src/convex_mpc/src/convex_mpc_publisher.cpp:88:17:[m[K [01;31m[Kerror: [m[K‘[01m[Kdt[m[K’ was not declared in this scope
   88 |                 [01;31m[Kdt[m[K, Q, R, u_lower, u_upper);
      |                 [01;31m[K^~[m[K
[01m[K/home/daniel/aipex-quadruped-baselines/src/convex_mpc/src/convex_mpc_publisher.cpp:106:13:[m[K [01;31m[Kerror: [m[K‘[01m[KQuadrupedParams[m[K’ was not declared in this scope
  106 |             [01;31m[KQuadrupedParams[m[K quadruped_params = QuadrupedParams(inertiaTensor, mass, gravity);
      |             [01;31m[K^~~~~~~~~~~~~~~[m[K
[01m[K/home/daniel/aipex-quadruped-baselines/src/convex_mpc/src/convex_mpc_publisher.cpp:109:13:[m[K [01;31m[Kerror: [m[K‘[01m[KConvexMPC[m[K’ was not declared in this scope
  109 |             [01;31m[KConvexMPC[m[K convex_mpc = ConvexMPC(mpc_params, quadruped_params);
      |             [01;31m[K^~~~~~~~~[m[K
[01m[K/home/daniel/aipex-quadruped-baselines/src/convex_mpc/src/convex_mpc_publisher.cpp:104:20:[m[K [01;35m[Kwarning: [m[Kunused variable ‘[01m[Kmass[m[K’ [[01;35m[K]8;;https://gcc.gnu.org/onlinedocs/gcc/Warning-Options.html#index-Wunused-variable-Wunused-variable]8;;[m[K]
  104 |             double [01;35m[Kmass[m[K = 6.921;
      |                    [01;35m[K^~~~[m[K
[01m[K/home/daniel/aipex-quadruped-baselines/src/convex_mpc/src/convex_mpc_publisher.cpp:105:20:[m[K [01;35m[Kwarning: [m[Kunused variable ‘[01m[Kgravity[m[K’ [[01;35m[K]8;;https://gcc.gnu.org/onlinedocs/gcc/Warning-Options.html#index-Wunused-variable-Wunused-variable]8;;[m[K]
  105 |             double [01;35m[Kgravity[m[K = 9.81;
      |                    [01;35m[K^~~~~~~[m[K
[01m[K/home/daniel/aipex-quadruped-baselines/src/convex_mpc/src/convex_mpc_publisher.cpp:[m[K In member function ‘[01m[Kvoid QuadConvexMPCNode::[01;32m[Kinit_cmd[m[K()[m[K’:
[01m[K/home/daniel/aipex-quadruped-baselines/src/convex_mpc/src/convex_mpc_publisher.cpp:147:17:[m[K [01;31m[Kerror: [m[K‘[01m[Klow_cmd[m[K’ was not declared in this scope
  147 |                 [01;31m[Klow_cmd[m[K.motor_cmd[i].mode = 0x01; // Set torque mode, 0x00 is passive mode
      |                 [01;31m[K^~~~~~~[m[K
[01m[K/home/daniel/aipex-quadruped-baselines/src/convex_mpc/src/convex_mpc_publisher.cpp:148:42:[m[K [01;31m[Kerror: [m[K‘[01m[KPosStopF[m[K’ was not declared in this scope
  148 |                 low_cmd.motor_cmd[i].q = [01;31m[KPosStopF[m[K;
      |                                          [01;31m[K^~~~~~~~[m[K
[01m[K/home/daniel/aipex-quadruped-baselines/src/convex_mpc/src/convex_mpc_publisher.cpp:150:43:[m[K [01;31m[Kerror: [m[K‘[01m[KVelStopF[m[K’ was not declared in this scope
  150 |                 low_cmd.motor_cmd[i].dq = [01;31m[KVelStopF[m[K;
      |                                           [01;31m[K^~~~~~~~[m[K
[01m[K/home/daniel/aipex-quadruped-baselines/src/convex_mpc/src/convex_mpc_publisher.cpp:[m[K In member function ‘[01m[Kvoid QuadConvexMPCNode::[01;32m[Kupdate_mpc_state[m[K()[m[K’:
[01m[K/home/daniel/aipex-quadruped-baselines/src/convex_mpc/src/convex_mpc_publisher.cpp:227:19:[m[K [01;31m[Kerror: [m[K‘[01m[Kclass QuadConvexMPCNode[m[K’ has no member named ‘[01m[Kconvex_mpc[m[K’
  227 |             this->[01;31m[Kconvex_mpc[m[K.update_x0(
      |                   [01;31m[K^~~~~~~~~~[m[K
[01m[K/home/daniel/aipex-quadruped-baselines/src/convex_mpc/src/convex_mpc_publisher.cpp:230:21:[m[K [01;31m[Kerror: [m[K‘[01m[Kposition[m[K’ was not declared in this scope
  230 |                     [01;31m[Kposition[m[K[0], position[1], position[2], // Position in x, y, z
      |                     [01;31m[K^~~~~~~~[m[K
[01m[K/home/daniel/aipex-quadruped-baselines/src/convex_mpc/src/convex_mpc_publisher.cpp:234:17:[m[K [01;31m[Kerror: [m[Kno matching function for call to ‘[01m[KEigen::Matrix<double, 13, 1, 0, 13, 1>::Matrix(<brace-enclosed initializer list>)[m[K’
  234 |                 [01;31m[K}[m[K
      |                 [01;31m[K^[m[K
In file included from [01m[K/usr/include/eigen3/Eigen/Core:295[m[K,
                 from [01m[K/usr/include/eigen3/Eigen/Dense:1[m[K,
                 from [01m[K/home/daniel/aipex-quadruped-baselines/src/convex_mpc/src/convex_mpc_publisher.cpp:7[m[K:
[01m[K/usr/include/eigen3/Eigen/src/Core/Matrix.h:435:14:[m[K [01;36m[Knote: [m[Kcandidate: ‘[01m[Ktemplate<class OtherDerived> Eigen::Matrix<_Scalar, _Rows, _Cols, _Options, _MaxRows, _MaxCols>::[01;32m[KMatrix[m[K(const Eigen::RotationBase<OtherDerived, Eigen::Matrix<_Scalar, _Rows, _Cols, _Options, _MaxRows, _MaxCols>::ColsAtCompileTime>&) [35m[K[with _Scalar = double; int _Rows = 13; int _Cols = 1; int _Options = 0; int _MaxRows = 13; int _MaxCols = 1][m[K[m[K’
  435 |     explicit [01;36m[KMatrix[m[K(const RotationBase<OtherDerived,ColsAtCompileTime>& r);
      |              [01;36m[K^~~~~~[m[K
[01m[K/usr/include/eigen3/Eigen/src/Core/Matrix.h:435:14:[m[K [01;36m[Knote: [m[K  template argument deduction/substitution failed:
[01m[K/home/daniel/aipex-quadruped-baselines/src/convex_mpc/src/convex_mpc_publisher.cpp:234:17:[m[K [01;36m[Knote: [m[K  mismatched types ‘[01m[Kconst Eigen::RotationBase<OtherDerived, 1>[m[K’ and ‘[01m[Kfloat[m[K’
  234 |                 [01;36m[K}[m[K
      |                 [01;36m[K^[m[K
[01m[K/usr/include/eigen3/Eigen/src/Core/Matrix.h:422:25:[m[K [01;36m[Knote: [m[Kcandidate: ‘[01m[Ktemplate<class OtherDerived> Eigen::Matrix<_Scalar, _Rows, _Cols, _Options, _MaxRows, _MaxCols>::[01;32m[KMatrix[m[K(const Eigen::EigenBase<OtherDerived>&) [35m[K[with _Scalar = double; int _Rows = 13; int _Cols = 1; int _Options = 0; int _MaxRows = 13; int _MaxCols = 1][m[K[m[K’
  422 |     EIGEN_STRONG_INLINE [01;36m[KMatrix[m[K(const EigenBase<OtherDerived> &other)
      |                         [01;36m[K^~~~~~[m[K
[01m[K/usr/include/eigen3/Eigen/src/Core/Matrix.h:422:25:[m[K [01;36m[Knote: [m[K  template argument deduction/substitution failed:
[01m[K/home/daniel/aipex-quadruped-baselines/src/convex_mpc/src/convex_mpc_publisher.cpp:234:17:[m[K [01;36m[Knote: [m[K  mismatched types ‘[01m[Kconst Eigen::EigenBase<Derived>[m[K’ and ‘[01m[Kfloat[m[K’
  234 |                 [01;36m[K}[m[K
      |                 [01;36m[K^[m[K
[01m[K/usr/include/eigen3/Eigen/src/Core/Matrix.h:337:5:[m[K [01;36m[Knote: [m[Kcandidate: ‘[01m[Ktemplate<class T0, class T1> Eigen::Matrix<_Scalar, _Rows, _Cols, _Options, _MaxRows, _MaxCols>::[01;32m[KMatrix[m[K(const T0&, const T1&) [35m[K[with T1 = T0; _Scalar = double; int _Rows = 13; int _Cols = 1; int _Options = 0; int _MaxRows = 13; int _MaxCols = 1][m[K[m[K’
  337 |     [01;36m[KMatrix[m[K(const T0& x, const T1& y)
      |     [01;36m[K^~~~~~[m[K
[01m[K/usr/include/eigen3/Eigen/src/Core/Matrix.h:337:5:[m[K [01;36m[Knote: [m[K  template argument deduction/substitution failed:
[01m[K/home/daniel/aipex-quadruped-baselines/src/convex_mpc/src/convex_mpc_publisher.cpp:234:17:[m[K [01;36m[Knote: [m[K  candidate expects 2 arguments, 13 provided
  234 |                 [01;36m[K}[m[K
      |                 [01;36m[K^[m[K
[01m[K/usr/include/eigen3/Eigen/src/Core/Matrix.h:329:14:[m[K [01;36m[Knote: [m[Kcandidate: ‘[01m[Ktemplate<class T> Eigen::Matrix<_Scalar, _Rows, _Cols, _Options, _MaxRows, _MaxCols>::[01;32m[KMatrix[m[K(const T&) [35m[K[with _Scalar = double; int _Rows = 13; int _Cols = 1; int _Options = 0; int _MaxRows = 13; int _MaxCols = 1][m[K[m[K’
  329 |     explicit [01;36m[KMatrix[m[K(const T& x)
      |              [01;36m[K^~~~~~[m[K
[01m[K/usr/include/eigen3/Eigen/src/Core/Matrix.h:329:14:[m[K [01;36m[Knote: [m[K  template argument deduction/substitution failed:
[01m[K/home/daniel/aipex-quadruped-baselines/src/convex_mpc/src/convex_mpc_publisher.cpp:234:17:[m[K [01;36m[Knote: [m[K  candidate expects 1 argument, 13 provided
  234 |                 [01;36m[K}[m[K
      |                 [01;36m[K^[m[K
[01m[K/usr/include/eigen3/Eigen/src/Core/Matrix.h:296:5:[m[K [01;36m[Knote: [m[Kcandidate: ‘[01m[Ktemplate<class ... ArgTypes> Eigen::Matrix<_Scalar, _Rows, _Cols, _Options, _MaxRows, _MaxCols>::[01;32m[KMatrix[m[K(const Scalar&, const Scalar&, const Scalar&, const Scalar&, const ArgTypes& ...) [35m[K[with ArgTypes = {ArgTypes ...}; _Scalar = double; int _Rows = 13; int _Cols = 1; int _Options = 0; int _MaxRows = 13; int _MaxCols = 1][m[K[m[K’
  296 |     [01;36m[KMatrix[m[K(const Scalar& a0, const Scalar& a1, const Scalar& a2,  const Scalar& a3, const ArgTypes&... args)
      |     [01;36m[K^~~~~~[m[K
[01m[K/usr/include/eigen3/Eigen/src/Core/Matrix.h:296:5:[m[K [01;36m[Knote: [m[K  template argument deduction/substitution failed:
[01m[K/usr/include/eigen3/Eigen/src/Core/Matrix.h:414:25:[m[K [01;36m[Knote: [m[Kcandidate: ‘[01m[KEigen::Matrix<_Scalar, _Rows, _Cols, _Options, _MaxRows, _MaxCols>::[01;32m[KMatrix[m[K(const Eigen::Matrix<_Scalar, _Rows, _Cols, _Options, _MaxRows, _MaxCols>&) [35m[K[with _Scalar = double; int _Rows = 13; int _Cols = 1; int _Options = 0; int _MaxRows = 13; int _MaxCols = 1][m[K[m[K’
  414 |     EIGEN_STRONG_INLINE [01;36m[KMatrix[m[K(const Matrix& other) : Base(other)
      |                         [01;36m[K^~~~~~[m[K
[01m[K/usr/include/eigen3/Eigen/src/Core/Matrix.h:414:25:[m[K [01;36m[Knote: [m[K  candidate expects 1 argument, 13 provided
[01m[K/usr/include/eigen3/Eigen/src/Core/Matrix.h:401:25:[m[K [01;36m[Knote: [m[Kcandidate: ‘[01m[KEigen::Matrix<_Scalar, _Rows, _Cols, _Options, _MaxRows, _MaxCols>::[01;32m[KMatrix[m[K(const Scalar&, const Scalar&, const Scalar&, const Scalar&) [35m[K[with _Scalar = double; int _Rows = 13; int _Cols = 1; int _Options = 0; int _MaxRows = 13; int _MaxCols = 1; Scalar = double][m[K[m[K’
  401 |     EIGEN_STRONG_INLINE [01;36m[KMatrix[m[K(const Scalar& x, const Scalar& y, const Scalar& z, const Scalar& w)
      |                         [01;36m[K^~~~~~[m[K
[01m[K/usr/include/eigen3/Eigen/src/Core/Matrix.h:401:25:[m[K [01;36m[Knote: [m[K  candidate expects 4 arguments, 13 provided
[01m[K/usr/include/eigen3/Eigen/src/Core/Matrix.h:389:25:[m[K [01;36m[Knote: [m[Kcandidate: ‘[01m[KEigen::Matrix<_Scalar, _Rows, _Cols, _Options, _MaxRows, _MaxCols>::[01;32m[KMatrix[m[K(const Scalar&, const Scalar&, const Scalar&) [35m[K[with _Scalar = double; int _Rows = 13; int _Cols = 1; int _Options = 0; int _MaxRows = 13; int _MaxCols = 1; Scalar = double][m[K[m[K’
  389 |     EIGEN_STRONG_INLINE [01;36m[KMatrix[m[K(const Scalar& x, const Scalar& y, const Scalar& z)
      |                         [01;36m[K^~~~~~[m[K
[01m[K/usr/include/eigen3/Eigen/src/Core/Matrix.h:389:25:[m[K [01;36m[Knote: [m[K  candidate expects 3 arguments, 13 provided
[01m[K/usr/include/eigen3/Eigen/src/Core/Matrix.h:321:34:[m[K [01;36m[Knote: [m[Kcandidate: ‘[01m[KEigen::Matrix<_Scalar, _Rows, _Cols, _Options, _MaxRows, _MaxCols>::[01;32m[KMatrix[m[K(const std::initializer_list<std::initializer_list<typename Eigen::internal::traits<Eigen::Matrix<_Scalar, _Rows, _Cols, _Options, _MaxRows, _MaxCols> >::Scalar> >&) [35m[K[with _Scalar = double; int _Rows = 13; int _Cols = 1; int _Options = 0; int _MaxRows = 13; int _MaxCols = 1; typename Eigen::internal::traits<Eigen::Matrix<_Scalar, _Rows, _Cols, _Options, _MaxRows, _MaxCols> >::Scalar = double][m[K[m[K’
  321 |     explicit EIGEN_STRONG_INLINE [01;36m[KMatrix[m[K(const std::initializer_list<std::initializer_list<Scalar>>& list) : Base(list) {}
      |                                  [01;36m[K^~~~~~[m[K
[01m[K/usr/include/eigen3/Eigen/src/Core/Matrix.h:321:34:[m[K [01;36m[Knote: [m[K  candidate expects 1 argument, 13 provided
[01m[K/usr/include/eigen3/Eigen/src/Core/Matrix.h:273:5:[m[K [01;36m[Knote: [m[Kcandidate: ‘[01m[KEigen::Matrix<_Scalar, _Rows, _Cols, _Options, _MaxRows, _MaxCols>::[01;32m[KMatrix[m[K(Eigen::Matrix<_Scalar, _Rows, _Cols, _Options, _MaxRows, _MaxCols>&&) [35m[K[with _Scalar = double; int _Rows = 13; int _Cols = 1; int _Options = 0; int _MaxRows = 13; int _MaxCols = 1][m[K[m[K’
  273 |     [01;36m[KMatrix[m[K(Matrix&& other) EIGEN_NOEXCEPT_IF(std::is_nothrow_move_constructible<Scalar>::value)
      |     [01;36m[K^~~~~~[m[K
[01m[K/usr/include/eigen3/Eigen/src/Core/Matrix.h:273:5:[m[K [01;36m[Knote: [m[K  candidate expects 1 argument, 13 provided
[01m[K/usr/include/eigen3/Eigen/src/Core/Matrix.h:267:14:[m[K [01;36m[Knote: [m[Kcandidate: ‘[01m[KEigen::Matrix<_Scalar, _Rows, _Cols, _Options, _MaxRows, _MaxCols>::[01;32m[KMatrix[m[K(Eigen::internal::constructor_without_unaligned_array_assert) [35m[K[with _Scalar = double; int _Rows = 13; int _Cols = 1; int _Options = 0; int _MaxRows = 13; int _MaxCols = 1][m[K[m[K’
  267 |     explicit [01;36m[KMatrix[m[K(internal::constructor_without_unaligned_array_assert)
      |              [01;36m[K^~~~~~[m[K
[01m[K/usr/include/eigen3/Eigen/src/Core/Matrix.h:267:14:[m[K [01;36m[Knote: [m[K  candidate expects 1 argument, 13 provided
[01m[K/usr/include/eigen3/Eigen/src/Core/Matrix.h:259:5:[m[K [01;36m[Knote: [m[Kcandidate: ‘[01m[KEigen::Matrix<_Scalar, _Rows, _Cols, _Options, _MaxRows, _MaxCols>::[01;32m[KMatrix[m[K() [35m[K[with _Scalar = double; int _Rows = 13; int _Cols = 1; int _Options = 0; int _MaxRows = 13; int _MaxCols = 1][m[K[m[K’
  259 |     [01;36m[KMatrix[m[K() : Base()
      |     [01;36m[K^~~~~~[m[K
[01m[K/usr/include/eigen3/Eigen/src/Core/Matrix.h:259:5:[m[K [01;36m[Knote: [m[K  candidate expects 0 arguments, 13 provided
gmake[2]: *** [CMakeFiles/convex_mpc_controller.dir/build.make:76: CMakeFiles/convex_mpc_controller.dir/src/convex_mpc_publisher.cpp.o] Error 1
gmake[1]: *** [CMakeFiles/Makefile2:137: CMakeFiles/convex_mpc_controller.dir/all] Error 2
gmake: *** [Makefile:146: all] Error 2
