-- Found ament_cmake: 2.5.4 (/opt/ros/jazzy/share/ament_cmake/cmake)
-- Override CMake install command with custom implementation using symlinks instead of copying resources
-- Found rclcpp: 28.1.9 (/opt/ros/jazzy/share/rclcpp/cmake)
-- Found rosidl_generator_c: 4.6.5 (/opt/ros/jazzy/share/rosidl_generator_c/cmake)
-- Found rosidl_generator_cpp: 4.6.5 (/opt/ros/jazzy/share/rosidl_generator_cpp/cmake)
-- Using all available rosidl_typesupport_c: rosidl_typesupport_fastrtps_c;rosidl_typesupport_introspection_c
-- Using all available rosidl_typesupport_cpp: rosidl_typesupport_fastrtps_cpp;rosidl_typesupport_introspection_cpp
-- Found rmw_implementation_cmake: 7.3.2 (/opt/ros/jazzy/share/rmw_implementation_cmake/cmake)
-- Found rmw_cyclonedds_cpp: 2.2.3 (/opt/unitree_robotics/unitree_ros2/cyclonedds_ws/install/rmw_cyclonedds_cpp/share/rmw_cyclonedds_cpp/cmake)
-- Using RMW implementation 'rmw_cyclonedds_cpp' as default
-- Found std_msgs: 5.3.6 (/opt/ros/jazzy/share/std_msgs/cmake)
-- Found unitree_go: 0.0.0 (/opt/unitree_robotics/unitree_ros2/cyclonedds_ws/install/unitree_go/share/unitree_go/cmake)
-- Found unitree_api: 0.0.0 (/opt/unitree_robotics/unitree_ros2/cyclonedds_ws/install/unitree_api/share/unitree_api/cmake)
-- Found unitree_hg: 0.0.0 (/opt/unitree_robotics/unitree_ros2/cyclonedds_ws/install/unitree_hg/share/unitree_hg/cmake)
-- Found ament_lint_auto: 0.17.2 (/opt/ros/jazzy/share/ament_lint_auto/cmake)
-- Added test 'cppcheck' to perform static code analysis on C / C++ code
-- Configured cppcheck include dirs: /home/daniel/aipex-quadruped-baselines/src/convex_mpc/include
-- Configured cppcheck exclude dirs and/or files: 
-- Added test 'lint_cmake' to check CMake code style
-- Added test 'uncrustify' to check C / C++ code style
-- Configured uncrustify additional arguments: 
-- Added test 'xmllint' to check XML markup files
-- Configuring done (0.4s)
-- Generating done (0.0s)
-- Build files have been written to: /home/daniel/aipex-quadruped-baselines/build/convex_mpc
[ 16%] [32m[1mLinking CXX executable convex_mpc_controller[0m
/usr/bin/ld: CMakeFiles/convex_mpc_controller.dir/src/convex_mpc_publisher.cpp.o: in function `ConvexMPC::~ConvexMPC()':
convex_mpc_publisher.cpp:(.text._ZN9ConvexMPCD2Ev[_ZN9ConvexMPCD5Ev]+0xc0): undefined reference to `GRBModel::~GRBModel()'
/usr/bin/ld: convex_mpc_publisher.cpp:(.text._ZN9ConvexMPCD2Ev[_ZN9ConvexMPCD5Ev]+0xd2): undefined reference to `GRBEnv::~GRBEnv()'
/usr/bin/ld: CMakeFiles/convex_mpc_controller.dir/src/convex_mpc.cpp.o: in function `ConvexMPC::ConvexMPC(MPCParams, QuadrupedParams)':
convex_mpc.cpp:(.text+0x82): undefined reference to `GRBEnv::GRBEnv(bool)'
/usr/bin/ld: convex_mpc.cpp:(.text+0xa8): undefined reference to `GRBModel::GRBModel(GRBEnv const&)'
/usr/bin/ld: convex_mpc.cpp:(.text+0xca): undefined reference to `GRBQuadExpr::GRBQuadExpr(double)'
/usr/bin/ld: convex_mpc.cpp:(.text+0xec): undefined reference to `GRBLinExpr::GRBLinExpr(double)'
/usr/bin/ld: convex_mpc.cpp:(.text+0x226): undefined reference to `GRBEnv::set(std::__cxx11::basic_string<char, std::char_traits<char>, std::allocator<char> > const&, char const*)'
/usr/bin/ld: convex_mpc.cpp:(.text+0x257): undefined reference to `GRBEnv::start()'
/usr/bin/ld: convex_mpc.cpp:(.text+0x3c5): undefined reference to `GRBModel::addVars(int, char)'
/usr/bin/ld: convex_mpc.cpp:(.text+0x76a): undefined reference to `GRBQuadExpr::operator=(GRBQuadExpr const&)'
/usr/bin/ld: convex_mpc.cpp:(.text+0x7f8): undefined reference to `GRBLinExpr::operator=(GRBLinExpr const&)'
/usr/bin/ld: convex_mpc.cpp:(.text+0x844): undefined reference to `GRBLinExpr::GRBLinExpr(GRBLinExpr const&)'
/usr/bin/ld: convex_mpc.cpp:(.text+0x85d): undefined reference to `GRBQuadExpr::GRBQuadExpr(GRBLinExpr)'
/usr/bin/ld: convex_mpc.cpp:(.text+0x884): undefined reference to `GRBQuadExpr::operator+(GRBQuadExpr const&)'
/usr/bin/ld: convex_mpc.cpp:(.text+0x89b): undefined reference to `GRBModel::setObjective(GRBQuadExpr, int)'
/usr/bin/ld: convex_mpc.cpp:(.text+0x8dd): undefined reference to `GRBModel::optimize()'
/usr/bin/ld: convex_mpc.cpp:(.text+0x942): undefined reference to `GRBVar::get(GRB_DoubleAttr) const'
/usr/bin/ld: convex_mpc.cpp:(.text+0xc53): undefined reference to `GRBException::getErrorCode() const'
/usr/bin/ld: convex_mpc.cpp:(.text+0xc82): undefined reference to `GRBException::getMessage[abi:cxx11]() const'
/usr/bin/ld: convex_mpc.cpp:(.text+0xe25): undefined reference to `GRBModel::~GRBModel()'
/usr/bin/ld: convex_mpc.cpp:(.text+0xe43): undefined reference to `GRBEnv::~GRBEnv()'
/usr/bin/ld: CMakeFiles/convex_mpc_controller.dir/src/convex_mpc.cpp.o: in function `ConvexMPC::update_x0(Eigen::Matrix<double, 13, 1, 0, 13, 1>)':
convex_mpc.cpp:(.text+0x23a2): undefined reference to `GRBLinExpr::operator=(GRBLinExpr const&)'
/usr/bin/ld: convex_mpc.cpp:(.text+0x23ee): undefined reference to `GRBLinExpr::GRBLinExpr(GRBLinExpr const&)'
/usr/bin/ld: convex_mpc.cpp:(.text+0x2407): undefined reference to `GRBQuadExpr::GRBQuadExpr(GRBLinExpr)'
/usr/bin/ld: convex_mpc.cpp:(.text+0x242e): undefined reference to `GRBQuadExpr::operator+(GRBQuadExpr const&)'
/usr/bin/ld: convex_mpc.cpp:(.text+0x2445): undefined reference to `GRBModel::setObjective(GRBQuadExpr, int)'
/usr/bin/ld: CMakeFiles/convex_mpc_controller.dir/src/gurobi_utils.cpp.o: in function `create_quad_obj(GRBVar const*, Eigen::Matrix<double, -1, -1, 0, -1, -1> const&, int)':
gurobi_utils.cpp:(.text+0x53): undefined reference to `GRBQuadExpr::GRBQuadExpr(double)'
/usr/bin/ld: gurobi_utils.cpp:(.text+0x2b7): undefined reference to `operator*(double, GRBVar)'
/usr/bin/ld: gurobi_utils.cpp:(.text+0x2d7): undefined reference to `operator*(GRBLinExpr const&, GRBVar)'
/usr/bin/ld: gurobi_utils.cpp:(.text+0x2f0): undefined reference to `GRBQuadExpr::operator+=(GRBQuadExpr const&)'
/usr/bin/ld: CMakeFiles/convex_mpc_controller.dir/src/gurobi_utils.cpp.o: in function `create_lin_obj(GRBVar const*, Eigen::Matrix<double, -1, 1, 0, -1, 1> const&, int)':
gurobi_utils.cpp:(.text+0x43c): undefined reference to `GRBLinExpr::GRBLinExpr(double)'
/usr/bin/ld: gurobi_utils.cpp:(.text+0x498): undefined reference to `operator*(double, GRBVar)'
/usr/bin/ld: gurobi_utils.cpp:(.text+0x4ab): undefined reference to `GRBLinExpr::operator+=(GRBLinExpr const&)'
/usr/bin/ld: CMakeFiles/convex_mpc_controller.dir/src/gurobi_utils.cpp.o: in function `add_lin_eq_constr(GRBModel, GRBVar const*, Eigen::Matrix<double, -1, -1, 0, -1, -1> const&, Eigen::Matrix<double, -1, 1, 0, -1, 1>)':
gurobi_utils.cpp:(.text+0x580): undefined reference to `GRBLinExpr::GRBLinExpr(double)'
/usr/bin/ld: gurobi_utils.cpp:(.text+0x5aa): undefined reference to `GRBLinExpr::GRBLinExpr(double)'
/usr/bin/ld: gurobi_utils.cpp:(.text+0x5c3): undefined reference to `GRBLinExpr::operator=(GRBLinExpr const&)'
/usr/bin/ld: gurobi_utils.cpp:(.text+0x652): undefined reference to `operator*(double, GRBVar)'
/usr/bin/ld: gurobi_utils.cpp:(.text+0x66b): undefined reference to `GRBLinExpr::operator+=(GRBLinExpr const&)'
/usr/bin/ld: gurobi_utils.cpp:(.text+0x6d9): undefined reference to `GRBQuadExpr::GRBQuadExpr(double)'
/usr/bin/ld: gurobi_utils.cpp:(.text+0x6f2): undefined reference to `GRBLinExpr::GRBLinExpr(GRBLinExpr const&)'
/usr/bin/ld: gurobi_utils.cpp:(.text+0x70b): undefined reference to `GRBQuadExpr::GRBQuadExpr(GRBLinExpr)'
/usr/bin/ld: gurobi_utils.cpp:(.text+0x72b): undefined reference to `operator==(GRBQuadExpr, GRBQuadExpr)'
/usr/bin/ld: gurobi_utils.cpp:(.text+0x74d): undefined reference to `GRBModel::addConstr(GRBTempConstr const&, char const*)'
/usr/bin/ld: CMakeFiles/convex_mpc_controller.dir/src/simplified_quad_dynamics.cpp.o: in function `quadruped_state_space_continuous(double const&, Eigen::Matrix<double, 4, 3, 0, 4, 3>&)':
simplified_quad_dynamics.cpp:(.text+0x5e): undefined reference to `eul2rotm(double, double, double)'
/usr/bin/ld: simplified_quad_dynamics.cpp:(.text+0x318): undefined reference to `hatMap(Eigen::Matrix<double, 3, 1, 0, 3, 1> const&)'
collect2: error: ld returned 1 exit status
gmake[2]: *** [CMakeFiles/convex_mpc_controller.dir/build.make:267: convex_mpc_controller] Error 1
gmake[1]: *** [CMakeFiles/Makefile2:137: CMakeFiles/convex_mpc_controller.dir/all] Error 2
gmake: *** [Makefile:146: all] Error 2
