[0.007s] Invoking command in '/home/daniel/aipex-quadruped-baselines/build/convex_mpc': CMAKE_PREFIX_PATH=${CMAKE_PREFIX_PATH}:/opt/ros/jazzy CONDA_PROMPT_MODIFIER=(base) DEBUGINFOD_URLS=https://debuginfod.ubuntu.com /usr/bin/cmake /home/daniel/aipex-quadruped-baselines/src/convex_mpc -DAMENT_CMAKE_SYMLINK_INSTALL=1 -DCMAKE_INSTALL_PREFIX=/home/daniel/aipex-quadruped-baselines/install/convex_mpc
[0.019s] -- Found ament_cmake: 2.5.4 (/opt/ros/jazzy/share/ament_cmake/cmake)
[0.144s] -- Override CMake install command with custom implementation using symlinks instead of copying resources
[0.151s] -- Found rclcpp: 28.1.9 (/opt/ros/jazzy/share/rclcpp/cmake)
[0.171s] -- Found rosidl_generator_c: 4.6.5 (/opt/ros/jazzy/share/rosidl_generator_c/cmake)
[0.177s] -- Found rosidl_generator_cpp: 4.6.5 (/opt/ros/jazzy/share/rosidl_generator_cpp/cmake)
[0.186s] -- Using all available rosidl_typesupport_c: rosidl_typesupport_fastrtps_c;rosidl_typesupport_introspection_c
[0.195s] -- Using all available rosidl_typesupport_cpp: rosidl_typesupport_fastrtps_cpp;rosidl_typesupport_introspection_cpp
[0.240s] -- Found rmw_implementation_cmake: 7.3.2 (/opt/ros/jazzy/share/rmw_implementation_cmake/cmake)
[0.241s] -- Found rmw_cyclonedds_cpp: 2.2.3 (/opt/unitree_robotics/unitree_ros2/cyclonedds_ws/install/rmw_cyclonedds_cpp/share/rmw_cyclonedds_cpp/cmake)
[0.255s] -- Using RMW implementation 'rmw_cyclonedds_cpp' as default
[0.299s] -- Found std_msgs: 5.3.6 (/opt/ros/jazzy/share/std_msgs/cmake)
[0.308s] -- Found unitree_go: 0.0.0 (/opt/unitree_robotics/unitree_ros2/cyclonedds_ws/install/unitree_go/share/unitree_go/cmake)
[0.332s] -- Found unitree_api: 0.0.0 (/opt/unitree_robotics/unitree_ros2/cyclonedds_ws/install/unitree_api/share/unitree_api/cmake)
[0.343s] -- Found unitree_hg: 0.0.0 (/opt/unitree_robotics/unitree_ros2/cyclonedds_ws/install/unitree_hg/share/unitree_hg/cmake)
[0.355s] -- Found ament_lint_auto: 0.17.2 (/opt/ros/jazzy/share/ament_lint_auto/cmake)
[0.417s] -- Added test 'cppcheck' to perform static code analysis on C / C++ code
[0.418s] -- Configured cppcheck include dirs: /home/daniel/aipex-quadruped-baselines/src/convex_mpc/include
[0.418s] -- Configured cppcheck exclude dirs and/or files: 
[0.418s] -- Added test 'lint_cmake' to check CMake code style
[0.419s] -- Added test 'uncrustify' to check C / C++ code style
[0.419s] -- Configured uncrustify additional arguments: 
[0.419s] -- Added test 'xmllint' to check XML markup files
[0.420s] -- Configuring done (0.4s)
[0.430s] -- Generating done (0.0s)
[0.433s] -- Build files have been written to: /home/daniel/aipex-quadruped-baselines/build/convex_mpc
[0.439s] Invoked command in '/home/daniel/aipex-quadruped-baselines/build/convex_mpc' returned '0': CMAKE_PREFIX_PATH=${CMAKE_PREFIX_PATH}:/opt/ros/jazzy CONDA_PROMPT_MODIFIER=(base) DEBUGINFOD_URLS=https://debuginfod.ubuntu.com /usr/bin/cmake /home/daniel/aipex-quadruped-baselines/src/convex_mpc -DAMENT_CMAKE_SYMLINK_INSTALL=1 -DCMAKE_INSTALL_PREFIX=/home/daniel/aipex-quadruped-baselines/install/convex_mpc
[0.440s] Invoking command in '/home/daniel/aipex-quadruped-baselines/build/convex_mpc': CMAKE_PREFIX_PATH=${CMAKE_PREFIX_PATH}:/opt/ros/jazzy CONDA_PROMPT_MODIFIER=(base) DEBUGINFOD_URLS=https://debuginfod.ubuntu.com /usr/bin/cmake --build /home/daniel/aipex-quadruped-baselines/build/convex_mpc -- -j16 -l16
[0.502s] [ 16%] [32m[1mLinking CXX executable convex_mpc_controller[0m
[0.876s] /usr/bin/ld: CMakeFiles/convex_mpc_controller.dir/src/convex_mpc_publisher.cpp.o: in function `ConvexMPC::~ConvexMPC()':
[0.876s] convex_mpc_publisher.cpp:(.text._ZN9ConvexMPCD2Ev[_ZN9ConvexMPCD5Ev]+0xc0): undefined reference to `GRBModel::~GRBModel()'
[0.876s] /usr/bin/ld: convex_mpc_publisher.cpp:(.text._ZN9ConvexMPCD2Ev[_ZN9ConvexMPCD5Ev]+0xd2): undefined reference to `GRBEnv::~GRBEnv()'
[0.894s] /usr/bin/ld: CMakeFiles/convex_mpc_controller.dir/src/convex_mpc.cpp.o: in function `ConvexMPC::ConvexMPC(MPCParams, QuadrupedParams)':
[0.894s] convex_mpc.cpp:(.text+0x82): undefined reference to `GRBEnv::GRBEnv(bool)'
[0.894s] /usr/bin/ld: convex_mpc.cpp:(.text+0xa8): undefined reference to `GRBModel::GRBModel(GRBEnv const&)'
[0.894s] /usr/bin/ld: convex_mpc.cpp:(.text+0xca): undefined reference to `GRBQuadExpr::GRBQuadExpr(double)'
[0.894s] /usr/bin/ld: convex_mpc.cpp:(.text+0xec): undefined reference to `GRBLinExpr::GRBLinExpr(double)'
[0.894s] /usr/bin/ld: convex_mpc.cpp:(.text+0x226): undefined reference to `GRBEnv::set(std::__cxx11::basic_string<char, std::char_traits<char>, std::allocator<char> > const&, char const*)'
[0.894s] /usr/bin/ld: convex_mpc.cpp:(.text+0x257): undefined reference to `GRBEnv::start()'
[0.894s] /usr/bin/ld: convex_mpc.cpp:(.text+0x3c5): undefined reference to `GRBModel::addVars(int, char)'
[0.895s] /usr/bin/ld: convex_mpc.cpp:(.text+0x76a): undefined reference to `GRBQuadExpr::operator=(GRBQuadExpr const&)'
[0.895s] /usr/bin/ld: convex_mpc.cpp:(.text+0x7f8): undefined reference to `GRBLinExpr::operator=(GRBLinExpr const&)'
[0.895s] /usr/bin/ld: convex_mpc.cpp:(.text+0x844): undefined reference to `GRBLinExpr::GRBLinExpr(GRBLinExpr const&)'
[0.895s] /usr/bin/ld: convex_mpc.cpp:(.text+0x85d): undefined reference to `GRBQuadExpr::GRBQuadExpr(GRBLinExpr)'
[0.895s] /usr/bin/ld: convex_mpc.cpp:(.text+0x884): undefined reference to `GRBQuadExpr::operator+(GRBQuadExpr const&)'
[0.895s] /usr/bin/ld: convex_mpc.cpp:(.text+0x89b): undefined reference to `GRBModel::setObjective(GRBQuadExpr, int)'
[0.895s] /usr/bin/ld: convex_mpc.cpp:(.text+0x8dd): undefined reference to `GRBModel::optimize()'
[0.895s] /usr/bin/ld: convex_mpc.cpp:(.text+0x942): undefined reference to `GRBVar::get(GRB_DoubleAttr) const'
[0.895s] /usr/bin/ld: convex_mpc.cpp:(.text+0xc53): undefined reference to `GRBException::getErrorCode() const'
[0.896s] /usr/bin/ld: convex_mpc.cpp:(.text+0xc82): undefined reference to `GRBException::getMessage[abi:cxx11]() const'
[0.896s] /usr/bin/ld: convex_mpc.cpp:(.text+0xe25): undefined reference to `GRBModel::~GRBModel()'
[0.896s] /usr/bin/ld: convex_mpc.cpp:(.text+0xe43): undefined reference to `GRBEnv::~GRBEnv()'
[0.896s] /usr/bin/ld: CMakeFiles/convex_mpc_controller.dir/src/convex_mpc.cpp.o: in function `ConvexMPC::update_x0(Eigen::Matrix<double, 13, 1, 0, 13, 1>)':
[0.896s] convex_mpc.cpp:(.text+0x23a2): undefined reference to `GRBLinExpr::operator=(GRBLinExpr const&)'
[0.896s] /usr/bin/ld: convex_mpc.cpp:(.text+0x23ee): undefined reference to `GRBLinExpr::GRBLinExpr(GRBLinExpr const&)'
[0.896s] /usr/bin/ld: convex_mpc.cpp:(.text+0x2407): undefined reference to `GRBQuadExpr::GRBQuadExpr(GRBLinExpr)'
[0.896s] /usr/bin/ld: convex_mpc.cpp:(.text+0x242e): undefined reference to `GRBQuadExpr::operator+(GRBQuadExpr const&)'
[0.897s] /usr/bin/ld: convex_mpc.cpp:(.text+0x2445): undefined reference to `GRBModel::setObjective(GRBQuadExpr, int)'
[0.922s] /usr/bin/ld: CMakeFiles/convex_mpc_controller.dir/src/gurobi_utils.cpp.o: in function `create_quad_obj(GRBVar const*, Eigen::Matrix<double, -1, -1, 0, -1, -1> const&, int)':
[0.923s] gurobi_utils.cpp:(.text+0x53): undefined reference to `GRBQuadExpr::GRBQuadExpr(double)'
[0.923s] /usr/bin/ld: gurobi_utils.cpp:(.text+0x2b7): undefined reference to `operator*(double, GRBVar)'
[0.923s] /usr/bin/ld: gurobi_utils.cpp:(.text+0x2d7): undefined reference to `operator*(GRBLinExpr const&, GRBVar)'
[0.923s] /usr/bin/ld: gurobi_utils.cpp:(.text+0x2f0): undefined reference to `GRBQuadExpr::operator+=(GRBQuadExpr const&)'
[0.923s] /usr/bin/ld: CMakeFiles/convex_mpc_controller.dir/src/gurobi_utils.cpp.o: in function `create_lin_obj(GRBVar const*, Eigen::Matrix<double, -1, 1, 0, -1, 1> const&, int)':
[0.923s] gurobi_utils.cpp:(.text+0x43c): undefined reference to `GRBLinExpr::GRBLinExpr(double)'
[0.923s] /usr/bin/ld: gurobi_utils.cpp:(.text+0x498): undefined reference to `operator*(double, GRBVar)'
[0.923s] /usr/bin/ld: gurobi_utils.cpp:(.text+0x4ab): undefined reference to `GRBLinExpr::operator+=(GRBLinExpr const&)'
[0.923s] /usr/bin/ld: CMakeFiles/convex_mpc_controller.dir/src/gurobi_utils.cpp.o: in function `add_lin_eq_constr(GRBModel, GRBVar const*, Eigen::Matrix<double, -1, -1, 0, -1, -1> const&, Eigen::Matrix<double, -1, 1, 0, -1, 1>)':
[0.923s] gurobi_utils.cpp:(.text+0x580): undefined reference to `GRBLinExpr::GRBLinExpr(double)'
[0.923s] /usr/bin/ld: gurobi_utils.cpp:(.text+0x5aa): undefined reference to `GRBLinExpr::GRBLinExpr(double)'
[0.923s] /usr/bin/ld: gurobi_utils.cpp:(.text+0x5c3): undefined reference to `GRBLinExpr::operator=(GRBLinExpr const&)'
[0.923s] /usr/bin/ld: gurobi_utils.cpp:(.text+0x652): undefined reference to `operator*(double, GRBVar)'
[0.923s] /usr/bin/ld: gurobi_utils.cpp:(.text+0x66b): undefined reference to `GRBLinExpr::operator+=(GRBLinExpr const&)'
[0.923s] /usr/bin/ld: gurobi_utils.cpp:(.text+0x6d9): undefined reference to `GRBQuadExpr::GRBQuadExpr(double)'
[0.924s] /usr/bin/ld: gurobi_utils.cpp:(.text+0x6f2): undefined reference to `GRBLinExpr::GRBLinExpr(GRBLinExpr const&)'
[0.924s] /usr/bin/ld: gurobi_utils.cpp:(.text+0x70b): undefined reference to `GRBQuadExpr::GRBQuadExpr(GRBLinExpr)'
[0.924s] /usr/bin/ld: gurobi_utils.cpp:(.text+0x72b): undefined reference to `operator==(GRBQuadExpr, GRBQuadExpr)'
[0.924s] /usr/bin/ld: gurobi_utils.cpp:(.text+0x74d): undefined reference to `GRBModel::addConstr(GRBTempConstr const&, char const*)'
[0.924s] /usr/bin/ld: CMakeFiles/convex_mpc_controller.dir/src/simplified_quad_dynamics.cpp.o: in function `quadruped_state_space_continuous(double const&, Eigen::Matrix<double, 4, 3, 0, 4, 3>&)':
[0.924s] simplified_quad_dynamics.cpp:(.text+0x5e): undefined reference to `eul2rotm(double, double, double)'
[0.924s] /usr/bin/ld: simplified_quad_dynamics.cpp:(.text+0x318): undefined reference to `hatMap(Eigen::Matrix<double, 3, 1, 0, 3, 1> const&)'
[0.976s] collect2: error: ld returned 1 exit status
[0.978s] gmake[2]: *** [CMakeFiles/convex_mpc_controller.dir/build.make:267: convex_mpc_controller] Error 1
[0.978s] gmake[1]: *** [CMakeFiles/Makefile2:137: CMakeFiles/convex_mpc_controller.dir/all] Error 2
[0.978s] gmake: *** [Makefile:146: all] Error 2
[0.980s] Invoked command in '/home/daniel/aipex-quadruped-baselines/build/convex_mpc' returned '2': CMAKE_PREFIX_PATH=${CMAKE_PREFIX_PATH}:/opt/ros/jazzy CONDA_PROMPT_MODIFIER=(base) DEBUGINFOD_URLS=https://debuginfod.ubuntu.com /usr/bin/cmake --build /home/daniel/aipex-quadruped-baselines/build/convex_mpc -- -j16 -l16
