[01m[K/home/daniel/aipex-quadruped-baselines/src/convex_mpc/src/convex_mpc.cpp:[m[K In constructor ‘[01m[KConvexMPC::[01;32m[KConvexMPC[m[K(MPCParams, QuadrupedParams, rclcpp::Logger)[m[K’:
[01m[K/home/daniel/aipex-quadruped-baselines/src/convex_mpc/src/convex_mpc.cpp:16:28:[m[K [01;31m[Kerror: [m[K‘[01m[Krclcpp::Logger::[01;32m[KLogger[m[K()[m[K’ is private within this context
   16 |     quad_params(quad_params[01;31m[K)[m[K
      |                            [01;31m[K^[m[K
In file included from [01m[K/opt/ros/jazzy/include/rclcpp/rclcpp/copy_all_parameter_values.hpp:26[m[K,
                 from [01m[K/opt/ros/jazzy/include/rclcpp/rclcpp/rclcpp.hpp:171[m[K,
                 from [01m[K/home/daniel/aipex-quadruped-baselines/src/convex_mpc/include/convex_mpc/convex_mpc.hpp:9[m[K,
                 from [01m[K/home/daniel/aipex-quadruped-baselines/src/convex_mpc/src/convex_mpc.cpp:3[m[K:
[01m[K/opt/ros/jazzy/include/rclcpp/rclcpp/logger.hpp:115:3:[m[K [01;36m[Knote: [m[Kdeclared private here
  115 |   [01;36m[KLogger[m[K()
      |   [01;36m[K^~~~~~[m[K
[01m[K/home/daniel/aipex-quadruped-baselines/src/convex_mpc/src/convex_mpc.cpp:17:5:[m[K [01;31m[Kerror: [m[Kexpected ‘[01m[K{[m[K’ before ‘[01m[Klogger_[m[K’
   17 |     [01;31m[Klogger_[m[K(logger)
      |     [01;31m[K^~~~~~~[m[K
[01m[K/home/daniel/aipex-quadruped-baselines/src/convex_mpc/src/convex_mpc.cpp:14:88:[m[K [01;35m[Kwarning: [m[Kunused parameter ‘[01m[Klogger[m[K’ [[01;35m[K]8;;https://gcc.gnu.org/onlinedocs/gcc/Warning-Options.html#index-Wunused-parameter-Wunused-parameter]8;;[m[K]
   14 | ConvexMPC::ConvexMPC(MPCParams mpc_params, QuadrupedParams quad_params, [01;35m[Krclcpp::Logger logger[m[K)
      |                                                                         [01;35m[K~~~~~~~~~~~~~~~^~~~~~[m[K
[01m[K/home/daniel/aipex-quadruped-baselines/src/convex_mpc/src/convex_mpc.cpp:[m[K At global scope:
[01m[K/home/daniel/aipex-quadruped-baselines/src/convex_mpc/src/convex_mpc.cpp:17:12:[m[K [01;31m[Kerror: [m[Kexpected constructor, destructor, or type conversion before ‘[01m[K([m[K’ token
   17 |     logger_[01;31m[K([m[Klogger)
      |            [01;31m[K^[m[K
In file included from [01m[K/opt/ros/jazzy/include/rclcpp/rclcpp/copy_all_parameter_values.hpp:27[m[K:
[01m[K/home/daniel/aipex-quadruped-baselines/src/convex_mpc/src/convex_mpc.cpp:[m[K In member function ‘[01m[KStateSpace ConvexMPC::[01;32m[Kget_default_dss_model[m[K()[m[K’:
[01m[K/home/daniel/aipex-quadruped-baselines/src/convex_mpc/src/convex_mpc.cpp:153:23:[m[K [01;31m[Kerror: [m[K‘[01m[Kclass ConvexMPC[m[K’ has no member named ‘[01m[Kget_logger[m[K’
  153 |     RCLCPP_INFO(this->[01;31m[Kget_logger[m[K(), "Default discrete state space model created.");
      |                       [01;31m[K^~~~~~~~~~[m[K
[01m[K/home/daniel/aipex-quadruped-baselines/src/convex_mpc/src/convex_mpc.cpp:153:23:[m[K [01;31m[Kerror: [m[K‘[01m[Kclass ConvexMPC[m[K’ has no member named ‘[01m[Kget_logger[m[K’
[01m[K/home/daniel/aipex-quadruped-baselines/src/convex_mpc/src/convex_mpc.cpp:153:5:[m[K [01;31m[Kerror: [m[Ktemplate argument 1 is invalid
  153 |     [01;31m[KRCLCPP_INFO[m[K(this->get_logger(), "Default discrete state space model created.");
      |     [01;31m[K^~~~~~~~~~~[m[K
[01m[K/home/daniel/aipex-quadruped-baselines/src/convex_mpc/src/convex_mpc.cpp:153:5:[m[K [01;31m[Kerror: [m[Ktemplate argument 1 is invalid
  153 |     [01;31m[KRCLCPP_INFO[m[K(this->get_logger(), "Default discrete state space model created.");
      |     [01;31m[K^~~~~~~~~~~[m[K
[01m[K/home/daniel/aipex-quadruped-baselines/src/convex_mpc/src/convex_mpc.cpp:153:5:[m[K [01;31m[Kerror: [m[Ktemplate argument 1 is invalid
  153 |     [01;31m[KRCLCPP_INFO[m[K(this->get_logger(), "Default discrete state space model created.");
      |     [01;31m[K^~~~~~~~~~~[m[K
In file included from [01m[K/opt/ros/jazzy/include/rclcpp/rclcpp/logging.hpp:24[m[K:
[01m[K/home/daniel/aipex-quadruped-baselines/src/convex_mpc/src/convex_mpc.cpp:153:23:[m[K [01;31m[Kerror: [m[K‘[01m[Kclass ConvexMPC[m[K’ has no member named ‘[01m[Kget_logger[m[K’
  153 |     RCLCPP_INFO(this->[01;31m[Kget_logger[m[K(), "Default discrete state space model created.");
      |                       [01;31m[K^~~~~~~~~~[m[K
[01m[K/home/daniel/aipex-quadruped-baselines/src/convex_mpc/src/convex_mpc.cpp:153:23:[m[K [01;31m[Kerror: [m[K‘[01m[Kclass ConvexMPC[m[K’ has no member named ‘[01m[Kget_logger[m[K’
  153 |     RCLCPP_INFO(this->[01;31m[Kget_logger[m[K(), "Default discrete state space model created.");
      |                       [01;31m[K^~~~~~~~~~[m[K
[01m[K/home/daniel/aipex-quadruped-baselines/src/convex_mpc/src/convex_mpc.cpp:154:23:[m[K [01;31m[Kerror: [m[K‘[01m[Kclass ConvexMPC[m[K’ has no member named ‘[01m[Kget_logger[m[K’
  154 |     RCLCPP_INFO(this->[01;31m[Kget_logger[m[K(), "A Size: %ldx%ld", quad_dss.A.rows(), quad_dss.A.cols());
      |                       [01;31m[K^~~~~~~~~~[m[K
[01m[K/home/daniel/aipex-quadruped-baselines/src/convex_mpc/src/convex_mpc.cpp:154:23:[m[K [01;31m[Kerror: [m[K‘[01m[Kclass ConvexMPC[m[K’ has no member named ‘[01m[Kget_logger[m[K’
[01m[K/home/daniel/aipex-quadruped-baselines/src/convex_mpc/src/convex_mpc.cpp:154:5:[m[K [01;31m[Kerror: [m[Ktemplate argument 1 is invalid
  154 |     [01;31m[KRCLCPP_INFO[m[K(this->get_logger(), "A Size: %ldx%ld", quad_dss.A.rows(), quad_dss.A.cols());
      |     [01;31m[K^~~~~~~~~~~[m[K
[01m[K/home/daniel/aipex-quadruped-baselines/src/convex_mpc/src/convex_mpc.cpp:154:5:[m[K [01;31m[Kerror: [m[Ktemplate argument 1 is invalid
  154 |     [01;31m[KRCLCPP_INFO[m[K(this->get_logger(), "A Size: %ldx%ld", quad_dss.A.rows(), quad_dss.A.cols());
      |     [01;31m[K^~~~~~~~~~~[m[K
[01m[K/home/daniel/aipex-quadruped-baselines/src/convex_mpc/src/convex_mpc.cpp:154:5:[m[K [01;31m[Kerror: [m[Ktemplate argument 1 is invalid
  154 |     [01;31m[KRCLCPP_INFO[m[K(this->get_logger(), "A Size: %ldx%ld", quad_dss.A.rows(), quad_dss.A.cols());
      |     [01;31m[K^~~~~~~~~~~[m[K
[01m[K/home/daniel/aipex-quadruped-baselines/src/convex_mpc/src/convex_mpc.cpp:154:23:[m[K [01;31m[Kerror: [m[K‘[01m[Kclass ConvexMPC[m[K’ has no member named ‘[01m[Kget_logger[m[K’
  154 |     RCLCPP_INFO(this->[01;31m[Kget_logger[m[K(), "A Size: %ldx%ld", quad_dss.A.rows(), quad_dss.A.cols());
      |                       [01;31m[K^~~~~~~~~~[m[K
[01m[K/home/daniel/aipex-quadruped-baselines/src/convex_mpc/src/convex_mpc.cpp:154:23:[m[K [01;31m[Kerror: [m[K‘[01m[Kclass ConvexMPC[m[K’ has no member named ‘[01m[Kget_logger[m[K’
  154 |     RCLCPP_INFO(this->[01;31m[Kget_logger[m[K(), "A Size: %ldx%ld", quad_dss.A.rows(), quad_dss.A.cols());
      |                       [01;31m[K^~~~~~~~~~[m[K
[01m[K/home/daniel/aipex-quadruped-baselines/src/convex_mpc/src/convex_mpc.cpp:155:23:[m[K [01;31m[Kerror: [m[K‘[01m[Kclass ConvexMPC[m[K’ has no member named ‘[01m[Kget_logger[m[K’
  155 |     RCLCPP_INFO(this->[01;31m[Kget_logger[m[K(), "B Size: %ldx%ld", quad_dss.B.rows(), quad_dss.B.cols());
      |                       [01;31m[K^~~~~~~~~~[m[K
[01m[K/home/daniel/aipex-quadruped-baselines/src/convex_mpc/src/convex_mpc.cpp:155:23:[m[K [01;31m[Kerror: [m[K‘[01m[Kclass ConvexMPC[m[K’ has no member named ‘[01m[Kget_logger[m[K’
[01m[K/home/daniel/aipex-quadruped-baselines/src/convex_mpc/src/convex_mpc.cpp:155:5:[m[K [01;31m[Kerror: [m[Ktemplate argument 1 is invalid
  155 |     [01;31m[KRCLCPP_INFO[m[K(this->get_logger(), "B Size: %ldx%ld", quad_dss.B.rows(), quad_dss.B.cols());
      |     [01;31m[K^~~~~~~~~~~[m[K
[01m[K/home/daniel/aipex-quadruped-baselines/src/convex_mpc/src/convex_mpc.cpp:155:5:[m[K [01;31m[Kerror: [m[Ktemplate argument 1 is invalid
  155 |     [01;31m[KRCLCPP_INFO[m[K(this->get_logger(), "B Size: %ldx%ld", quad_dss.B.rows(), quad_dss.B.cols());
      |     [01;31m[K^~~~~~~~~~~[m[K
[01m[K/home/daniel/aipex-quadruped-baselines/src/convex_mpc/src/convex_mpc.cpp:155:5:[m[K [01;31m[Kerror: [m[Ktemplate argument 1 is invalid
  155 |     [01;31m[KRCLCPP_INFO[m[K(this->get_logger(), "B Size: %ldx%ld", quad_dss.B.rows(), quad_dss.B.cols());
      |     [01;31m[K^~~~~~~~~~~[m[K
[01m[K/home/daniel/aipex-quadruped-baselines/src/convex_mpc/src/convex_mpc.cpp:155:23:[m[K [01;31m[Kerror: [m[K‘[01m[Kclass ConvexMPC[m[K’ has no member named ‘[01m[Kget_logger[m[K’
  155 |     RCLCPP_INFO(this->[01;31m[Kget_logger[m[K(), "B Size: %ldx%ld", quad_dss.B.rows(), quad_dss.B.cols());
      |                       [01;31m[K^~~~~~~~~~[m[K
[01m[K/home/daniel/aipex-quadruped-baselines/src/convex_mpc/src/convex_mpc.cpp:155:23:[m[K [01;31m[Kerror: [m[K‘[01m[Kclass ConvexMPC[m[K’ has no member named ‘[01m[Kget_logger[m[K’
  155 |     RCLCPP_INFO(this->[01;31m[Kget_logger[m[K(), "B Size: %ldx%ld", quad_dss.B.rows(), quad_dss.B.cols());
      |                       [01;31m[K^~~~~~~~~~[m[K
gmake[2]: *** [CMakeFiles/convex_mpc_controller.dir/build.make:90: CMakeFiles/convex_mpc_controller.dir/src/convex_mpc.cpp.o] Error 1
gmake[2]: *** Waiting for unfinished jobs....
gmake[1]: *** [CMakeFiles/Makefile2:137: CMakeFiles/convex_mpc_controller.dir/all] Error 2
gmake: *** [Makefile:146: all] Error 2
