[0.007s] Invoking command in '/home/daniel/aipex-quadruped-baselines/build/convex_mpc': CMAKE_PREFIX_PATH=${CMAKE_PREFIX_PATH}:/opt/ros/jazzy CONDA_PROMPT_MODIFIER=(base) DEBUGINFOD_URLS=https://debuginfod.ubuntu.com /usr/bin/cmake --build /home/daniel/aipex-quadruped-baselines/build/convex_mpc -- -j16 -l16
[0.070s] [ 14%] [32mBuilding CXX object CMakeFiles/convex_mpc_controller.dir/src/convex_mpc.cpp.o[0m
[0.070s] [ 28%] [32mBuilding CXX object CMakeFiles/convex_mpc_controller.dir/src/convex_mpc_publisher.cpp.o[0m
[0.787s] In file included from [01m[K/home/daniel/aipex-quadruped-baselines/src/convex_mpc/src/convex_mpc.cpp:3[m[K:
[0.787s] [01m[K/home/daniel/aipex-quadruped-baselines/src/convex_mpc/include/convex_mpc/convex_mpc.hpp:22:70:[m[K [01;31m[Kerror: [m[K‘[01m[Krclcpp[m[K’ has not been declared
[0.787s]    22 |         ConvexMPC(MPCParams mpc_params, QuadrupedParams quad_params, [01;31m[Krclcpp[m[K::Logger logger);
[0.787s]       |                                                                      [01;31m[K^~~~~~[m[K
[0.787s] [01m[K/home/daniel/aipex-quadruped-baselines/src/convex_mpc/include/convex_mpc/convex_mpc.hpp:22:85:[m[K [01;31m[Kerror: [m[Kexpected ‘[01m[K,[m[K’ or ‘[01m[K...[m[K’ before ‘[01m[Klogger[m[K’
[0.787s]    22 |         ConvexMPC(MPCParams mpc_params, QuadrupedParams quad_params, rclcpp::Logger [01;31m[Klogger[m[K);
[0.787s]       |                                                                                     [01;31m[K^~~~~~[m[K
[0.795s] [01m[K/home/daniel/aipex-quadruped-baselines/src/convex_mpc/include/convex_mpc/convex_mpc.hpp:45:9:[m[K [01;31m[Kerror: [m[K‘[01m[Krclcpp[m[K’ does not name a type
[0.795s]    45 |         [01;31m[Krclcpp[m[K::Logger logger_;
[0.796s]       |         [01;31m[K^~~~~~[m[K
[0.815s] [01m[K/home/daniel/aipex-quadruped-baselines/src/convex_mpc/src/convex_mpc.cpp:14:73:[m[K [01;31m[Kerror: [m[K‘[01m[Krclcpp[m[K’ has not been declared
[0.815s]    14 | ConvexMPC::ConvexMPC(MPCParams mpc_params, QuadrupedParams quad_params, [01;31m[Krclcpp[m[K::Logger logger)
[0.815s]       |                                                                         [01;31m[K^~~~~~[m[K
[0.815s] [01m[K/home/daniel/aipex-quadruped-baselines/src/convex_mpc/src/convex_mpc.cpp:14:88:[m[K [01;31m[Kerror: [m[Kexpected ‘[01m[K,[m[K’ or ‘[01m[K...[m[K’ before ‘[01m[Klogger[m[K’
[0.815s]    14 | ConvexMPC::ConvexMPC(MPCParams mpc_params, QuadrupedParams quad_params, rclcpp::Logger [01;31m[Klogger[m[K)
[0.815s]       |                                                                                        [01;31m[K^~~~~~[m[K
[0.815s] [01m[K/home/daniel/aipex-quadruped-baselines/src/convex_mpc/src/convex_mpc.cpp:[m[K In constructor ‘[01m[KConvexMPC::[01;32m[KConvexMPC[m[K(MPCParams, QuadrupedParams, int)[m[K’:
[0.815s] [01m[K/home/daniel/aipex-quadruped-baselines/src/convex_mpc/src/convex_mpc.cpp:17:5:[m[K [01;31m[Kerror: [m[Kexpected ‘[01m[K{[m[K’ before ‘[01m[Klogger_[m[K’
[0.815s]    17 |     [01;31m[Klogger_[m[K(logger)
[0.815s]       |     [01;31m[K^~~~~~~[m[K
[0.816s] [01m[K/home/daniel/aipex-quadruped-baselines/src/convex_mpc/src/convex_mpc.cpp:14:81:[m[K [01;35m[Kwarning: [m[Kunused parameter ‘[01m[KLogger[m[K’ [[01;35m[K]8;;https://gcc.gnu.org/onlinedocs/gcc/Warning-Options.html#index-Wunused-parameter-Wunused-parameter]8;;[m[K]
[0.816s]    14 | ConvexMPC::ConvexMPC(MPCParams mpc_params, QuadrupedParams quad_params, [01;35m[Krclcpp::Logger[m[K logger)
[0.816s]       |                                                                         [01;35m[K~~~~~~~~^~~~~~[m[K
[0.816s] [01m[K/home/daniel/aipex-quadruped-baselines/src/convex_mpc/src/convex_mpc.cpp:[m[K At global scope:
[0.816s] [01m[K/home/daniel/aipex-quadruped-baselines/src/convex_mpc/src/convex_mpc.cpp:17:12:[m[K [01;31m[Kerror: [m[Kexpected constructor, destructor, or type conversion before ‘[01m[K([m[K’ token
[0.816s]    17 |     logger_[01;31m[K([m[Klogger)
[0.816s]       |            [01;31m[K^[m[K
[0.854s] [01m[K/home/daniel/aipex-quadruped-baselines/src/convex_mpc/src/convex_mpc.cpp:[m[K In member function ‘[01m[KStateSpace ConvexMPC::[01;32m[Kget_default_dss_model[m[K()[m[K’:
[0.854s] [01m[K/home/daniel/aipex-quadruped-baselines/src/convex_mpc/src/convex_mpc.cpp:153:23:[m[K [01;31m[Kerror: [m[K‘[01m[Kclass ConvexMPC[m[K’ has no member named ‘[01m[Kget_logger[m[K’
[0.854s]   153 |     RCLCPP_INFO(this->[01;31m[Kget_logger[m[K(), "Default discrete state space model created.");
[0.854s]       |                       [01;31m[K^~~~~~~~~~[m[K
[0.861s] [01m[K/home/daniel/aipex-quadruped-baselines/src/convex_mpc/src/convex_mpc.cpp:153:5:[m[K [01;31m[Kerror: [m[K‘[01m[KRCLCPP_INFO[m[K’ was not declared in this scope
[0.861s]   153 |     [01;31m[KRCLCPP_INFO[m[K(this->get_logger(), "Default discrete state space model created.");
[0.861s]       |     [01;31m[K^~~~~~~~~~~[m[K
[0.861s] [01m[K/home/daniel/aipex-quadruped-baselines/src/convex_mpc/src/convex_mpc.cpp:154:23:[m[K [01;31m[Kerror: [m[K‘[01m[Kclass ConvexMPC[m[K’ has no member named ‘[01m[Kget_logger[m[K’
[0.861s]   154 |     RCLCPP_INFO(this->[01;31m[Kget_logger[m[K(), "A Size: %ldx%ld", quad_dss.A.rows(), quad_dss.A.cols());
[0.861s]       |                       [01;31m[K^~~~~~~~~~[m[K
[0.861s] [01m[K/home/daniel/aipex-quadruped-baselines/src/convex_mpc/src/convex_mpc.cpp:155:23:[m[K [01;31m[Kerror: [m[K‘[01m[Kclass ConvexMPC[m[K’ has no member named ‘[01m[Kget_logger[m[K’
[0.861s]   155 |     RCLCPP_INFO(this->[01;31m[Kget_logger[m[K(), "B Size: %ldx%ld", quad_dss.B.rows(), quad_dss.B.cols());
[0.861s]       |                       [01;31m[K^~~~~~~~~~[m[K
[5.310s] gmake[2]: *** [CMakeFiles/convex_mpc_controller.dir/build.make:90: CMakeFiles/convex_mpc_controller.dir/src/convex_mpc.cpp.o] Error 1
[5.310s] gmake[2]: *** Waiting for unfinished jobs....
[8.163s] gmake[1]: *** [CMakeFiles/Makefile2:137: CMakeFiles/convex_mpc_controller.dir/all] Error 2
[8.163s] gmake: *** [Makefile:146: all] Error 2
[8.165s] Invoked command in '/home/daniel/aipex-quadruped-baselines/build/convex_mpc' returned '2': CMAKE_PREFIX_PATH=${CMAKE_PREFIX_PATH}:/opt/ros/jazzy CONDA_PROMPT_MODIFIER=(base) DEBUGINFOD_URLS=https://debuginfod.ubuntu.com /usr/bin/cmake --build /home/daniel/aipex-quadruped-baselines/build/convex_mpc -- -j16 -l16
