[0.007s] Invoking command in '/home/daniel/aipex-quadruped-baselines/build/convex_mpc': CMAKE_PREFIX_PATH=${CMAKE_PREFIX_PATH}:/opt/ros/jazzy CONDA_PROMPT_MODIFIER=(base) DEBUGINFOD_URLS=https://debuginfod.ubuntu.com /usr/bin/cmake /home/daniel/aipex-quadruped-baselines/src/convex_mpc -DCMAKE_INSTALL_PREFIX=/home/daniel/aipex-quadruped-baselines/install/convex_mpc
[0.018s] -- Found ament_cmake: 2.5.4 (/opt/ros/jazzy/share/ament_cmake/cmake)
[0.149s] -- Override CMake install command with custom implementation using symlinks instead of copying resources
[0.156s] -- Found rclcpp: 28.1.9 (/opt/ros/jazzy/share/rclcpp/cmake)
[0.175s] -- Found rosidl_generator_c: 4.6.5 (/opt/ros/jazzy/share/rosidl_generator_c/cmake)
[0.182s] -- Found rosidl_generator_cpp: 4.6.5 (/opt/ros/jazzy/share/rosidl_generator_cpp/cmake)
[0.192s] -- Using all available rosidl_typesupport_c: rosidl_typesupport_fastrtps_c;rosidl_typesupport_introspection_c
[0.201s] -- Using all available rosidl_typesupport_cpp: rosidl_typesupport_fastrtps_cpp;rosidl_typesupport_introspection_cpp
[0.248s] -- Found rmw_implementation_cmake: 7.3.2 (/opt/ros/jazzy/share/rmw_implementation_cmake/cmake)
[0.249s] -- Found rmw_cyclonedds_cpp: 2.2.3 (/opt/unitree_robotics/unitree_ros2/cyclonedds_ws/install/rmw_cyclonedds_cpp/share/rmw_cyclonedds_cpp/cmake)
[0.263s] -- Using RMW implementation 'rmw_cyclonedds_cpp' as default
[0.306s] -- Found std_msgs: 5.3.6 (/opt/ros/jazzy/share/std_msgs/cmake)
[0.315s] -- Found unitree_go: 0.0.0 (/opt/unitree_robotics/unitree_ros2/cyclonedds_ws/install/unitree_go/share/unitree_go/cmake)
[0.339s] -- Found unitree_api: 0.0.0 (/opt/unitree_robotics/unitree_ros2/cyclonedds_ws/install/unitree_api/share/unitree_api/cmake)
[0.350s] -- Found unitree_hg: 0.0.0 (/opt/unitree_robotics/unitree_ros2/cyclonedds_ws/install/unitree_hg/share/unitree_hg/cmake)
[0.364s] -- GUROBI_INCLUDE_DIRS: /opt/gurobi1202/linux64/include
[0.364s] -- GUROBI_LIBRARY: /opt/gurobi1202/linux64/lib/libgurobi120.so
[0.364s] -- GUROBI_CXX_LIBRARY: /opt/gurobi1202/linux64/lib/libgurobi_c++.a
[0.364s] -- Found ament_lint_auto: 0.17.2 (/opt/ros/jazzy/share/ament_lint_auto/cmake)
[0.433s] -- Added test 'cppcheck' to perform static code analysis on C / C++ code
[0.433s] -- Configured cppcheck include dirs: /home/daniel/aipex-quadruped-baselines/src/convex_mpc/include
[0.433s] -- Configured cppcheck exclude dirs and/or files: 
[0.433s] -- Added test 'lint_cmake' to check CMake code style
[0.434s] -- Added test 'uncrustify' to check C / C++ code style
[0.435s] -- Configured uncrustify additional arguments: 
[0.435s] -- Added test 'xmllint' to check XML markup files
[0.435s] -- Configuring done (0.4s)
[0.446s] -- Generating done (0.0s)
[0.449s] -- Build files have been written to: /home/daniel/aipex-quadruped-baselines/build/convex_mpc
[0.455s] Invoked command in '/home/daniel/aipex-quadruped-baselines/build/convex_mpc' returned '0': CMAKE_PREFIX_PATH=${CMAKE_PREFIX_PATH}:/opt/ros/jazzy CONDA_PROMPT_MODIFIER=(base) DEBUGINFOD_URLS=https://debuginfod.ubuntu.com /usr/bin/cmake /home/daniel/aipex-quadruped-baselines/src/convex_mpc -DCMAKE_INSTALL_PREFIX=/home/daniel/aipex-quadruped-baselines/install/convex_mpc
[0.456s] Invoking command in '/home/daniel/aipex-quadruped-baselines/build/convex_mpc': CMAKE_PREFIX_PATH=${CMAKE_PREFIX_PATH}:/opt/ros/jazzy CONDA_PROMPT_MODIFIER=(base) DEBUGINFOD_URLS=https://debuginfod.ubuntu.com /usr/bin/cmake --build /home/daniel/aipex-quadruped-baselines/build/convex_mpc -- -j16 -l16
[0.519s] [ 14%] [32mBuilding CXX object CMakeFiles/convex_mpc_controller.dir/src/convex_mpc.cpp.o[0m
[0.519s] [ 28%] [32mBuilding CXX object CMakeFiles/convex_mpc_controller.dir/src/convex_mpc_publisher.cpp.o[0m
[11.627s] [ 42%] [32m[1mLinking CXX executable convex_mpc_controller[0m
[12.144s] [100%] Built target convex_mpc_controller
[12.155s] Invoked command in '/home/daniel/aipex-quadruped-baselines/build/convex_mpc' returned '0': CMAKE_PREFIX_PATH=${CMAKE_PREFIX_PATH}:/opt/ros/jazzy CONDA_PROMPT_MODIFIER=(base) DEBUGINFOD_URLS=https://debuginfod.ubuntu.com /usr/bin/cmake --build /home/daniel/aipex-quadruped-baselines/build/convex_mpc -- -j16 -l16
[12.163s] Invoking command in '/home/daniel/aipex-quadruped-baselines/build/convex_mpc': CMAKE_PREFIX_PATH=${CMAKE_PREFIX_PATH}:/opt/ros/jazzy CONDA_PROMPT_MODIFIER=(base) DEBUGINFOD_URLS=https://debuginfod.ubuntu.com /usr/bin/cmake --install /home/daniel/aipex-quadruped-baselines/build/convex_mpc
[12.170s] -- Install configuration: ""
[12.170s] -- Execute custom install script
[12.170s] -- Up-to-date symlink: /home/daniel/aipex-quadruped-baselines/install/convex_mpc/lib/convex_mpc/convex_mpc_controller
[12.171s] -- Up-to-date symlink: /home/daniel/aipex-quadruped-baselines/install/convex_mpc/share/ament_index/resource_index/package_run_dependencies/convex_mpc
[12.171s] -- Up-to-date symlink: /home/daniel/aipex-quadruped-baselines/install/convex_mpc/share/ament_index/resource_index/parent_prefix_path/convex_mpc
[12.171s] -- Up-to-date symlink: /home/daniel/aipex-quadruped-baselines/install/convex_mpc/share/convex_mpc/environment/ament_prefix_path.sh
[12.171s] -- Up-to-date symlink: /home/daniel/aipex-quadruped-baselines/install/convex_mpc/share/convex_mpc/environment/ament_prefix_path.dsv
[12.171s] -- Up-to-date symlink: /home/daniel/aipex-quadruped-baselines/install/convex_mpc/share/convex_mpc/environment/path.sh
[12.171s] -- Up-to-date symlink: /home/daniel/aipex-quadruped-baselines/install/convex_mpc/share/convex_mpc/environment/path.dsv
[12.171s] -- Up-to-date symlink: /home/daniel/aipex-quadruped-baselines/install/convex_mpc/share/convex_mpc/local_setup.bash
[12.171s] -- Up-to-date symlink: /home/daniel/aipex-quadruped-baselines/install/convex_mpc/share/convex_mpc/local_setup.sh
[12.171s] -- Up-to-date symlink: /home/daniel/aipex-quadruped-baselines/install/convex_mpc/share/convex_mpc/local_setup.zsh
[12.171s] -- Up-to-date symlink: /home/daniel/aipex-quadruped-baselines/install/convex_mpc/share/convex_mpc/local_setup.dsv
[12.172s] -- Symlinking: /home/daniel/aipex-quadruped-baselines/install/convex_mpc/share/convex_mpc/package.dsv
[12.179s] -- Up-to-date symlink: /home/daniel/aipex-quadruped-baselines/install/convex_mpc/share/ament_index/resource_index/packages/convex_mpc
[12.179s] -- Up-to-date symlink: /home/daniel/aipex-quadruped-baselines/install/convex_mpc/share/convex_mpc/cmake/convex_mpcConfig.cmake
[12.179s] -- Up-to-date symlink: /home/daniel/aipex-quadruped-baselines/install/convex_mpc/share/convex_mpc/cmake/convex_mpcConfig-version.cmake
[12.179s] -- Up-to-date symlink: /home/daniel/aipex-quadruped-baselines/install/convex_mpc/share/convex_mpc/package.xml
[12.181s] Invoked command in '/home/daniel/aipex-quadruped-baselines/build/convex_mpc' returned '0': CMAKE_PREFIX_PATH=${CMAKE_PREFIX_PATH}:/opt/ros/jazzy CONDA_PROMPT_MODIFIER=(base) DEBUGINFOD_URLS=https://debuginfod.ubuntu.com /usr/bin/cmake --install /home/daniel/aipex-quadruped-baselines/build/convex_mpc
