[0.007s] Invoking command in '/home/daniel/aipex-quadruped-baselines/build/convex_mpc': CMAKE_PREFIX_PATH=${CMAKE_PREFIX_PATH}:/opt/ros/jazzy CONDA_PROMPT_MODIFIER=(base) DEBUGINFOD_URLS=https://debuginfod.ubuntu.com /usr/bin/cmake --build /home/daniel/aipex-quadruped-baselines/build/convex_mpc -- -j16 -l16
[0.060s] [ 14%] [32mBuilding CXX object CMakeFiles/convex_mpc_controller.dir/src/convex_mpc_publisher.cpp.o[0m
[0.061s] [ 28%] [32mBuilding CXX object CMakeFiles/convex_mpc_controller.dir/src/convex_mpc.cpp.o[0m
[0.764s] [01m[K/home/daniel/aipex-quadruped-baselines/src/convex_mpc/src/convex_mpc.cpp:[m[K In constructor ‘[01m[KConvexMPC::[01;32m[KConvexMPC[m[K(MPCParams, QuadrupedParams)[m[K’:
[0.764s] [01m[K/home/daniel/aipex-quadruped-baselines/src/convex_mpc/src/convex_mpc.cpp:16:28:[m[K [01;31m[Kerror: [m[Kno matching function for call to ‘[01m[KGRBModel::GRBModel()[m[K’
[0.764s]    16 |     quad_params(quad_params[01;31m[K)[m[K
[0.764s]       |                            [01;31m[K^[m[K
[0.764s] In file included from [01m[K/home/daniel/aipex-quadruped-baselines/src/convex_mpc/include/convex_mpc/convex_mpc.hpp:5[m[K,
[0.764s]                  from [01m[K/home/daniel/aipex-quadruped-baselines/src/convex_mpc/src/convex_mpc.cpp:3[m[K:
[0.764s] [01m[K/opt/gurobi1202/linux64/include/gurobi_c++.h:544:5:[m[K [01;36m[Knote: [m[Kcandidate: ‘[01m[KGRBModel::[01;32m[KGRBModel[m[K(const GRBModel&, const GRBEnv&)[m[K’
[0.765s]   544 |     [01;36m[KGRBModel[m[K(const GRBModel& xmodel, const GRBEnv& targetenv);
[0.765s]       |     [01;36m[K^~~~~~~~[m[K
[0.765s] [01m[K/opt/gurobi1202/linux64/include/gurobi_c++.h:544:5:[m[K [01;36m[Knote: [m[K  candidate expects 2 arguments, 0 provided
[0.765s] [01m[K/opt/gurobi1202/linux64/include/gurobi_c++.h:543:5:[m[K [01;36m[Knote: [m[Kcandidate: ‘[01m[KGRBModel::[01;32m[KGRBModel[m[K(const GRBModel&)[m[K’
[0.765s]   543 |     [01;36m[KGRBModel[m[K(const GRBModel& xmodel);
[0.765s]       |     [01;36m[K^~~~~~~~[m[K
[0.765s] [01m[K/opt/gurobi1202/linux64/include/gurobi_c++.h:543:5:[m[K [01;36m[Knote: [m[K  candidate expects 1 argument, 0 provided
[0.765s] [01m[K/opt/gurobi1202/linux64/include/gurobi_c++.h:542:5:[m[K [01;36m[Knote: [m[Kcandidate: ‘[01m[KGRBModel::[01;32m[KGRBModel[m[K(const GRBEnv&, const std::string&)[m[K’
[0.765s]   542 |     [01;36m[KGRBModel[m[K(const GRBEnv& env, const std::string& filename);
[0.765s]       |     [01;36m[K^~~~~~~~[m[K
[0.765s] [01m[K/opt/gurobi1202/linux64/include/gurobi_c++.h:542:5:[m[K [01;36m[Knote: [m[K  candidate expects 2 arguments, 0 provided
[0.765s] [01m[K/opt/gurobi1202/linux64/include/gurobi_c++.h:541:5:[m[K [01;36m[Knote: [m[Kcandidate: ‘[01m[KGRBModel::[01;32m[KGRBModel[m[K(const GRBEnv*, const std::string&)[m[K’
[0.765s]   541 |     [01;36m[KGRBModel[m[K(const GRBEnv* env, const std::string& filename);
[0.765s]       |     [01;36m[K^~~~~~~~[m[K
[0.765s] [01m[K/opt/gurobi1202/linux64/include/gurobi_c++.h:541:5:[m[K [01;36m[Knote: [m[K  candidate expects 2 arguments, 0 provided
[0.765s] [01m[K/opt/gurobi1202/linux64/include/gurobi_c++.h:540:5:[m[K [01;36m[Knote: [m[Kcandidate: ‘[01m[KGRBModel::[01;32m[KGRBModel[m[K(const GRBEnv&)[m[K’
[0.766s]   540 |     [01;36m[KGRBModel[m[K(const GRBEnv& env);
[0.766s]       |     [01;36m[K^~~~~~~~[m[K
[0.766s] [01m[K/opt/gurobi1202/linux64/include/gurobi_c++.h:540:5:[m[K [01;36m[Knote: [m[K  candidate expects 1 argument, 0 provided
[0.766s] [01m[K/opt/gurobi1202/linux64/include/gurobi_c++.h:539:5:[m[K [01;36m[Knote: [m[Kcandidate: ‘[01m[KGRBModel::[01;32m[KGRBModel[m[K(const GRBEnv*)[m[K’
[0.766s]   539 |     [01;36m[KGRBModel[m[K(const GRBEnv* env);
[0.766s]       |     [01;36m[K^~~~~~~~[m[K
[0.766s] [01m[K/opt/gurobi1202/linux64/include/gurobi_c++.h:539:5:[m[K [01;36m[Knote: [m[K  candidate expects 1 argument, 0 provided
[0.767s] [01m[K/home/daniel/aipex-quadruped-baselines/src/convex_mpc/src/convex_mpc.cpp:23:22:[m[K [01;31m[Kerror: [m[K‘[01m[KTrue[m[K’ was not declared in this scope
[0.767s]    23 |         env = GRBEnv([01;31m[KTrue[m[K);
[0.767s]       |                      [01;31m[K^~~~[m[K
[4.999s] gmake[2]: *** [CMakeFiles/convex_mpc_controller.dir/build.make:90: CMakeFiles/convex_mpc_controller.dir/src/convex_mpc.cpp.o] Error 1
[4.999s] gmake[2]: *** Waiting for unfinished jobs....
[6.192s] gmake[1]: *** [CMakeFiles/Makefile2:137: CMakeFiles/convex_mpc_controller.dir/all] Error 2
[6.192s] gmake: *** [Makefile:146: all] Error 2
[6.194s] Invoked command in '/home/daniel/aipex-quadruped-baselines/build/convex_mpc' returned '2': CMAKE_PREFIX_PATH=${CMAKE_PREFIX_PATH}:/opt/ros/jazzy CONDA_PROMPT_MODIFIER=(base) DEBUGINFOD_URLS=https://debuginfod.ubuntu.com /usr/bin/cmake --build /home/daniel/aipex-quadruped-baselines/build/convex_mpc -- -j16 -l16
