[ 14%] [32mBuilding CXX object CMakeFiles/convex_mpc_controller.dir/src/simplified_quad_dynamics.cpp.o[0m
[ 28%] [32mBuilding CXX object CMakeFiles/convex_mpc_controller.dir/src/transforms.cpp.o[0m
[ 42%] [32m[1mLinking CXX executable convex_mpc_controller[0m
[100%] Built target convex_mpc_controller
-- Install configuration: ""
-- Execute custom install script
-- Symlinking: /home/daniel/aipex-quadruped-baselines/install/convex_mpc/share/ament_index/resource_index/package_run_dependencies/convex_mpc
-- Symlinking: /home/daniel/aipex-quadruped-baselines/install/convex_mpc/share/ament_index/resource_index/parent_prefix_path/convex_mpc
-- Symlinking: /home/daniel/aipex-quadruped-baselines/install/convex_mpc/share/convex_mpc/environment/ament_prefix_path.sh
-- Symlinking: /home/daniel/aipex-quadruped-baselines/install/convex_mpc/share/convex_mpc/environment/ament_prefix_path.dsv
-- Symlinking: /home/daniel/aipex-quadruped-baselines/install/convex_mpc/share/convex_mpc/environment/path.sh
-- Symlinking: /home/daniel/aipex-quadruped-baselines/install/convex_mpc/share/convex_mpc/environment/path.dsv
-- Symlinking: /home/daniel/aipex-quadruped-baselines/install/convex_mpc/share/convex_mpc/local_setup.bash
-- Symlinking: /home/daniel/aipex-quadruped-baselines/install/convex_mpc/share/convex_mpc/local_setup.sh
-- Symlinking: /home/daniel/aipex-quadruped-baselines/install/convex_mpc/share/convex_mpc/local_setup.zsh
-- Symlinking: /home/daniel/aipex-quadruped-baselines/install/convex_mpc/share/convex_mpc/local_setup.dsv
-- Symlinking: /home/daniel/aipex-quadruped-baselines/install/convex_mpc/share/convex_mpc/package.dsv
-- Symlinking: /home/daniel/aipex-quadruped-baselines/install/convex_mpc/share/ament_index/resource_index/packages/convex_mpc
-- Symlinking: /home/daniel/aipex-quadruped-baselines/install/convex_mpc/share/convex_mpc/cmake/convex_mpcConfig.cmake
-- Symlinking: /home/daniel/aipex-quadruped-baselines/install/convex_mpc/share/convex_mpc/cmake/convex_mpcConfig-version.cmake
-- Symlinking: /home/daniel/aipex-quadruped-baselines/install/convex_mpc/share/convex_mpc/package.xml
