[ 20%] [32mBuilding CXX object CMakeFiles/convex_mpc_controller.dir/src/convex_mpc_publisher.cpp.o[0m
[ 40%] [32mBuilding CXX object CMakeFiles/convex_mpc_controller.dir/src/convex_mpc.cpp.o[0m
[ 60%] [32mBuilding CXX object CMakeFiles/convex_mpc_controller.dir/src/simplified_quad_dynamics.cpp.o[0m
[01m[K/home/daniel/aipex-quadruped-baselines/src/convex_mpc/src/convex_mpc.cpp:4:10:[m[K [01;31m[Kfatal error: [m[Kconvex_mpc.hpp: No such file or directory
    4 | #include [01;31m[K"convex_mpc.hpp"[m[K
      |          [01;31m[K^~~~~~~~~~~~~~~~[m[K
compilation terminated.
gmake[2]: *** [CMakeFiles/convex_mpc_controller.dir/build.make:90: CMakeFiles/convex_mpc_controller.dir/src/convex_mpc.cpp.o] Error 1
gmake[2]: *** Waiting for unfinished jobs....
[01m[K/home/daniel/aipex-quadruped-baselines/src/convex_mpc/src/simplified_quad_dynamics.cpp:3:10:[m[K [01;31m[Kfatal error: [m[Ksimplified_quad_dynamics.hpp: No such file or directory
    3 | #include [01;31m[K"simplified_quad_dynamics.hpp"[m[K
      |          [01;31m[K^~~~~~~~~~~~~~~~~~~~~~~~~~~~~~[m[K
compilation terminated.
gmake[2]: *** [CMakeFiles/convex_mpc_controller.dir/build.make:118: CMakeFiles/convex_mpc_controller.dir/src/simplified_quad_dynamics.cpp.o] Error 1
[01m[K/home/daniel/aipex-quadruped-baselines/src/convex_mpc/src/convex_mpc_publisher.cpp:10:10:[m[K [01;31m[Kfatal error: [m[Kunitree_hg/msg/low_cmd.hpp: No such file or directory
   10 | #include [01;31m[K"unitree_hg/msg/low_cmd.hpp"[m[K
      |          [01;31m[K^~~~~~~~~~~~~~~~~~~~~~~~~~~~[m[K
compilation terminated.
gmake[2]: *** [CMakeFiles/convex_mpc_controller.dir/build.make:76: CMakeFiles/convex_mpc_controller.dir/src/convex_mpc_publisher.cpp.o] Error 1
gmake[1]: *** [CMakeFiles/Makefile2:137: CMakeFiles/convex_mpc_controller.dir/all] Error 2
gmake: *** [Makefile:146: all] Error 2
